[debug] [2022-11-01T17:43:32.144Z] ----------------------------------------------------------------------
[debug] [2022-11-01T17:43:32.147Z] Command:       C:\Program Files\nodejs\node.exe C:\Users\muham\AppData\Roaming\npm\node_modules\firebase-tools\lib\bin\firebase.js deploy --only functions
[debug] [2022-11-01T17:43:32.147Z] CLI Version:   11.15.0
[debug] [2022-11-01T17:43:32.148Z] Platform:      win32
[debug] [2022-11-01T17:43:32.148Z] Node Version:  v16.15.1
[debug] [2022-11-01T17:43:32.149Z] Time:          Tue Nov 01 2022 22:43:32 GMT+0500 (Pakistan Standard Time)
[debug] [2022-11-01T17:43:32.149Z] ----------------------------------------------------------------------
[debug] 
[debug] [2022-11-01T17:43:32.356Z] > command requires scopes: ["email","openid","https://www.googleapis.com/auth/cloudplatformprojects.readonly","https://www.googleapis.com/auth/firebase","https://www.googleapis.com/auth/cloud-platform"]
[debug] [2022-11-01T17:43:32.357Z] > authorizing via signed-in user (muhammad1azhar2@gmail.com)
[debug] [2022-11-01T17:43:32.357Z] [iam] checking project mimi-plan-test for permissions ["cloudfunctions.functions.create","cloudfunctions.functions.delete","cloudfunctions.functions.get","cloudfunctions.functions.list","cloudfunctions.functions.update","cloudfunctions.operations.get","firebase.projects.get"]
[debug] [2022-11-01T17:43:32.360Z] >>> [apiv2][query] POST https://cloudresourcemanager.googleapis.com/v1/projects/mimi-plan-test:testIamPermissions [none]
[debug] [2022-11-01T17:43:32.360Z] >>> [apiv2][(partial)header] POST https://cloudresourcemanager.googleapis.com/v1/projects/mimi-plan-test:testIamPermissions x-goog-quota-user=projects/mimi-plan-test
[debug] [2022-11-01T17:43:32.361Z] >>> [apiv2][body] POST https://cloudresourcemanager.googleapis.com/v1/projects/mimi-plan-test:testIamPermissions {"permissions":["cloudfunctions.functions.create","cloudfunctions.functions.delete","cloudfunctions.functions.get","cloudfunctions.functions.list","cloudfunctions.functions.update","cloudfunctions.operations.get","firebase.projects.get"]}
[debug] [2022-11-01T17:43:34.013Z] <<< [apiv2][status] POST https://cloudresourcemanager.googleapis.com/v1/projects/mimi-plan-test:testIamPermissions 200
[debug] [2022-11-01T17:43:34.013Z] <<< [apiv2][body] POST https://cloudresourcemanager.googleapis.com/v1/projects/mimi-plan-test:testIamPermissions {"permissions":["cloudfunctions.functions.create","cloudfunctions.functions.delete","cloudfunctions.functions.get","cloudfunctions.functions.list","cloudfunctions.functions.update","cloudfunctions.operations.get","firebase.projects.get"]}
[debug] [2022-11-01T17:43:34.013Z] >>> [apiv2][query] POST https://iam.googleapis.com/v1/projects/mimi-plan-test/serviceAccounts/mimi-plan-test@appspot.gserviceaccount.com:testIamPermissions [none]
[debug] [2022-11-01T17:43:34.014Z] >>> [apiv2][body] POST https://iam.googleapis.com/v1/projects/mimi-plan-test/serviceAccounts/mimi-plan-test@appspot.gserviceaccount.com:testIamPermissions {"permissions":["iam.serviceAccounts.actAs"]}
[debug] [2022-11-01T17:43:35.540Z] <<< [apiv2][status] POST https://iam.googleapis.com/v1/projects/mimi-plan-test/serviceAccounts/mimi-plan-test@appspot.gserviceaccount.com:testIamPermissions 200
[debug] [2022-11-01T17:43:35.541Z] <<< [apiv2][body] POST https://iam.googleapis.com/v1/projects/mimi-plan-test/serviceAccounts/mimi-plan-test@appspot.gserviceaccount.com:testIamPermissions {"permissions":["iam.serviceAccounts.actAs"]}
[info] 
[info] === Deploying to 'mimi-plan-test'...
[info] 
[info] i  deploying functions 
[info] Running command: npm --prefix "$RESOURCE_DIR" run lint
[info] +  functions: Finished running predeploy script. 
[debug] [2022-11-01T17:43:51.818Z] >>> [apiv2][query] GET https://firebase.googleapis.com/v1beta1/projects/mimi-plan-test [none]
[debug] [2022-11-01T17:43:58.569Z] <<< [apiv2][status] GET https://firebase.googleapis.com/v1beta1/projects/mimi-plan-test 200
[debug] [2022-11-01T17:43:58.570Z] <<< [apiv2][body] GET https://firebase.googleapis.com/v1beta1/projects/mimi-plan-test {"projectId":"mimi-plan-test","projectNumber":"752899782545","displayName":"Mimi-Plan-Test","name":"projects/mimi-plan-test","resources":{"hostingSite":"mimi-plan-test","storageBucket":"mimi-plan-test.appspot.com","locationId":"us-central"},"state":"ACTIVE","etag":"1_b577af51-1939-4714-adf3-3393bed4a817"}
[info] i  functions: ensuring required API cloudfunctions.googleapis.com is enabled... 
[info] i  functions: ensuring required API cloudbuild.googleapis.com is enabled... 
[info] i  artifactregistry: ensuring required API artifactregistry.googleapis.com is enabled... 
[debug] [2022-11-01T17:43:58.584Z] >>> [apiv2][query] GET https://serviceusage.googleapis.com/v1/projects/mimi-plan-test/services/cloudfunctions.googleapis.com [none]
[debug] [2022-11-01T17:43:58.584Z] >>> [apiv2][(partial)header] GET https://serviceusage.googleapis.com/v1/projects/mimi-plan-test/services/cloudfunctions.googleapis.com x-goog-quota-user=projects/mimi-plan-test
[debug] [2022-11-01T17:43:58.588Z] >>> [apiv2][query] GET https://serviceusage.googleapis.com/v1/projects/mimi-plan-test/services/runtimeconfig.googleapis.com [none]
[debug] [2022-11-01T17:43:58.588Z] >>> [apiv2][(partial)header] GET https://serviceusage.googleapis.com/v1/projects/mimi-plan-test/services/runtimeconfig.googleapis.com x-goog-quota-user=projects/mimi-plan-test
[debug] [2022-11-01T17:43:58.591Z] >>> [apiv2][query] GET https://serviceusage.googleapis.com/v1/projects/mimi-plan-test/services/cloudbuild.googleapis.com [none]
[debug] [2022-11-01T17:43:58.591Z] >>> [apiv2][(partial)header] GET https://serviceusage.googleapis.com/v1/projects/mimi-plan-test/services/cloudbuild.googleapis.com x-goog-quota-user=projects/mimi-plan-test
[debug] [2022-11-01T17:43:58.593Z] >>> [apiv2][query] GET https://serviceusage.googleapis.com/v1/projects/mimi-plan-test/services/artifactregistry.googleapis.com [none]
[debug] [2022-11-01T17:43:58.593Z] >>> [apiv2][(partial)header] GET https://serviceusage.googleapis.com/v1/projects/mimi-plan-test/services/artifactregistry.googleapis.com x-goog-quota-user=projects/mimi-plan-test
[debug] [2022-11-01T17:44:19.323Z] ----------------------------------------------------------------------
[debug] [2022-11-01T17:44:19.327Z] Command:       C:\Program Files\nodejs\node.exe C:\Users\muham\AppData\Roaming\npm\node_modules\firebase-tools\lib\bin\firebase.js deploy --only functions
[debug] [2022-11-01T17:44:19.328Z] CLI Version:   11.15.0
[debug] [2022-11-01T17:44:19.328Z] Platform:      win32
[debug] [2022-11-01T17:44:19.328Z] Node Version:  v16.15.1
[debug] [2022-11-01T17:44:19.329Z] Time:          Tue Nov 01 2022 22:44:19 GMT+0500 (Pakistan Standard Time)
[debug] [2022-11-01T17:44:19.329Z] ----------------------------------------------------------------------
[debug] 
[debug] [2022-11-01T17:44:19.431Z] > command requires scopes: ["email","openid","https://www.googleapis.com/auth/cloudplatformprojects.readonly","https://www.googleapis.com/auth/firebase","https://www.googleapis.com/auth/cloud-platform"]
[debug] [2022-11-01T17:44:19.432Z] > authorizing via signed-in user (muhammad1azhar2@gmail.com)
[debug] [2022-11-01T17:44:19.432Z] [iam] checking project mimi-plan-test for permissions ["cloudfunctions.functions.create","cloudfunctions.functions.delete","cloudfunctions.functions.get","cloudfunctions.functions.list","cloudfunctions.functions.update","cloudfunctions.operations.get","firebase.projects.get"]
[debug] [2022-11-01T17:44:19.435Z] >>> [apiv2][query] POST https://cloudresourcemanager.googleapis.com/v1/projects/mimi-plan-test:testIamPermissions [none]
[debug] [2022-11-01T17:44:19.436Z] >>> [apiv2][(partial)header] POST https://cloudresourcemanager.googleapis.com/v1/projects/mimi-plan-test:testIamPermissions x-goog-quota-user=projects/mimi-plan-test
[debug] [2022-11-01T17:44:19.436Z] >>> [apiv2][body] POST https://cloudresourcemanager.googleapis.com/v1/projects/mimi-plan-test:testIamPermissions {"permissions":["cloudfunctions.functions.create","cloudfunctions.functions.delete","cloudfunctions.functions.get","cloudfunctions.functions.list","cloudfunctions.functions.update","cloudfunctions.operations.get","firebase.projects.get"]}
[debug] [2022-11-01T17:44:21.018Z] <<< [apiv2][status] POST https://cloudresourcemanager.googleapis.com/v1/projects/mimi-plan-test:testIamPermissions 200
[debug] [2022-11-01T17:44:21.019Z] <<< [apiv2][body] POST https://cloudresourcemanager.googleapis.com/v1/projects/mimi-plan-test:testIamPermissions {"permissions":["cloudfunctions.functions.create","cloudfunctions.functions.delete","cloudfunctions.functions.get","cloudfunctions.functions.list","cloudfunctions.functions.update","cloudfunctions.operations.get","firebase.projects.get"]}
[debug] [2022-11-01T17:44:21.020Z] >>> [apiv2][query] POST https://iam.googleapis.com/v1/projects/mimi-plan-test/serviceAccounts/mimi-plan-test@appspot.gserviceaccount.com:testIamPermissions [none]
[debug] [2022-11-01T17:44:21.020Z] >>> [apiv2][body] POST https://iam.googleapis.com/v1/projects/mimi-plan-test/serviceAccounts/mimi-plan-test@appspot.gserviceaccount.com:testIamPermissions {"permissions":["iam.serviceAccounts.actAs"]}
[debug] [2022-11-01T17:44:22.676Z] <<< [apiv2][status] POST https://iam.googleapis.com/v1/projects/mimi-plan-test/serviceAccounts/mimi-plan-test@appspot.gserviceaccount.com:testIamPermissions 200
[debug] [2022-11-01T17:44:22.677Z] <<< [apiv2][body] POST https://iam.googleapis.com/v1/projects/mimi-plan-test/serviceAccounts/mimi-plan-test@appspot.gserviceaccount.com:testIamPermissions {"permissions":["iam.serviceAccounts.actAs"]}
[info] 
[info] === Deploying to 'mimi-plan-test'...
[info] 
[info] i  deploying functions 
[info] Running command: npm --prefix "$RESOURCE_DIR" run lint
[info] +  functions: Finished running predeploy script. 
[debug] [2022-11-01T17:44:27.495Z] >>> [apiv2][query] GET https://firebase.googleapis.com/v1beta1/projects/mimi-plan-test [none]
[debug] [2022-11-01T17:44:28.099Z] <<< [apiv2][status] GET https://firebase.googleapis.com/v1beta1/projects/mimi-plan-test 200
[debug] [2022-11-01T17:44:28.099Z] <<< [apiv2][body] GET https://firebase.googleapis.com/v1beta1/projects/mimi-plan-test {"projectId":"mimi-plan-test","projectNumber":"752899782545","displayName":"Mimi-Plan-Test","name":"projects/mimi-plan-test","resources":{"hostingSite":"mimi-plan-test","storageBucket":"mimi-plan-test.appspot.com","locationId":"us-central"},"state":"ACTIVE","etag":"1_b577af51-1939-4714-adf3-3393bed4a817"}
[info] i  functions: ensuring required API cloudfunctions.googleapis.com is enabled... 
[info] i  functions: ensuring required API cloudbuild.googleapis.com is enabled... 
[info] i  artifactregistry: ensuring required API artifactregistry.googleapis.com is enabled... 
[debug] [2022-11-01T17:44:28.109Z] >>> [apiv2][query] GET https://serviceusage.googleapis.com/v1/projects/mimi-plan-test/services/cloudfunctions.googleapis.com [none]
[debug] [2022-11-01T17:44:28.109Z] >>> [apiv2][(partial)header] GET https://serviceusage.googleapis.com/v1/projects/mimi-plan-test/services/cloudfunctions.googleapis.com x-goog-quota-user=projects/mimi-plan-test
[debug] [2022-11-01T17:44:28.113Z] >>> [apiv2][query] GET https://serviceusage.googleapis.com/v1/projects/mimi-plan-test/services/runtimeconfig.googleapis.com [none]
[debug] [2022-11-01T17:44:28.114Z] >>> [apiv2][(partial)header] GET https://serviceusage.googleapis.com/v1/projects/mimi-plan-test/services/runtimeconfig.googleapis.com x-goog-quota-user=projects/mimi-plan-test
[debug] [2022-11-01T17:44:28.117Z] >>> [apiv2][query] GET https://serviceusage.googleapis.com/v1/projects/mimi-plan-test/services/cloudbuild.googleapis.com [none]
[debug] [2022-11-01T17:44:28.117Z] >>> [apiv2][(partial)header] GET https://serviceusage.googleapis.com/v1/projects/mimi-plan-test/services/cloudbuild.googleapis.com x-goog-quota-user=projects/mimi-plan-test
[debug] [2022-11-01T17:44:28.120Z] >>> [apiv2][query] GET https://serviceusage.googleapis.com/v1/projects/mimi-plan-test/services/artifactregistry.googleapis.com [none]
[debug] [2022-11-01T17:44:28.120Z] >>> [apiv2][(partial)header] GET https://serviceusage.googleapis.com/v1/projects/mimi-plan-test/services/artifactregistry.googleapis.com x-goog-quota-user=projects/mimi-plan-test
[debug] [2022-11-01T17:44:31.375Z] <<< [apiv2][status] GET https://serviceusage.googleapis.com/v1/projects/mimi-plan-test/services/runtimeconfig.googleapis.com 200
[debug] [2022-11-01T17:44:31.376Z] <<< [apiv2][body] GET https://serviceusage.googleapis.com/v1/projects/mimi-plan-test/services/runtimeconfig.googleapis.com [omitted]
[debug] [2022-11-01T17:44:31.501Z] <<< [apiv2][status] GET https://serviceusage.googleapis.com/v1/projects/mimi-plan-test/services/cloudbuild.googleapis.com 200
[debug] [2022-11-01T17:44:31.501Z] <<< [apiv2][body] GET https://serviceusage.googleapis.com/v1/projects/mimi-plan-test/services/cloudbuild.googleapis.com [omitted]
[info] +  functions: required API cloudbuild.googleapis.com is enabled 
[debug] [2022-11-01T17:44:31.567Z] <<< [apiv2][status] GET https://serviceusage.googleapis.com/v1/projects/mimi-plan-test/services/cloudfunctions.googleapis.com 200
[debug] [2022-11-01T17:44:31.567Z] <<< [apiv2][body] GET https://serviceusage.googleapis.com/v1/projects/mimi-plan-test/services/cloudfunctions.googleapis.com [omitted]
[info] +  functions: required API cloudfunctions.googleapis.com is enabled 
[debug] [2022-11-01T17:44:31.638Z] <<< [apiv2][status] GET https://serviceusage.googleapis.com/v1/projects/mimi-plan-test/services/artifactregistry.googleapis.com 200
[debug] [2022-11-01T17:44:31.638Z] <<< [apiv2][body] GET https://serviceusage.googleapis.com/v1/projects/mimi-plan-test/services/artifactregistry.googleapis.com [omitted]
[info] +  artifactregistry: required API artifactregistry.googleapis.com is enabled 
[debug] [2022-11-01T17:44:31.640Z] >>> [apiv2][query] GET https://firebase.googleapis.com/v1beta1/projects/mimi-plan-test/adminSdkConfig [none]
[debug] [2022-11-01T17:44:32.207Z] <<< [apiv2][status] GET https://firebase.googleapis.com/v1beta1/projects/mimi-plan-test/adminSdkConfig 200
[debug] [2022-11-01T17:44:32.208Z] <<< [apiv2][body] GET https://firebase.googleapis.com/v1beta1/projects/mimi-plan-test/adminSdkConfig {"projectId":"mimi-plan-test","storageBucket":"mimi-plan-test.appspot.com","locationId":"us-central"}
[debug] [2022-11-01T17:44:32.210Z] >>> [apiv2][query] GET https://runtimeconfig.googleapis.com/v1beta1/projects/mimi-plan-test/configs [none]
[debug] [2022-11-01T17:44:33.015Z] <<< [apiv2][status] GET https://runtimeconfig.googleapis.com/v1beta1/projects/mimi-plan-test/configs 200
[debug] [2022-11-01T17:44:33.016Z] <<< [apiv2][body] GET https://runtimeconfig.googleapis.com/v1beta1/projects/mimi-plan-test/configs {}
[info] i  functions: preparing codebase default for deployment 
[debug] [2022-11-01T17:44:33.024Z] Validating nodejs source
[debug] [2022-11-01T17:44:38.993Z] > [functions] package.json contents: {
  "name": "functions",
  "description": "Cloud Functions for Firebase",
  "scripts": {
    "lint": "eslint .",
    "serve": "firebase emulators:start --only functions",
    "shell": "firebase functions:shell",
    "start": "npm run shell",
    "deploy": "firebase deploy --only functions",
    "logs": "firebase functions:log"
  },
  "engines": {
    "node": "16"
  },
  "main": "index.js",
  "dependencies": {
    "firebase-admin": "^11.2.0",
    "firebase-functions": "^4.0.1",
    "moment": "^2.29.4"
  },
  "devDependencies": {
    "eslint": "^8.9.0",
    "eslint-config-google": "^0.14.0",
    "firebase-functions-test": "^0.2.0"
  },
  "private": true
}
[debug] [2022-11-01T17:44:38.993Z] Building nodejs source
[debug] [2022-11-01T17:44:38.995Z] Could not find functions.yaml. Must use http discovery
[debug] [2022-11-01T17:44:40.597Z] Serving at port 9005

[debug] [2022-11-01T17:44:43.355Z] Got response from /__/functions.yaml {"endpoints":{"deleteUser":{"platform":"gcfv1","labels":{},"availableMemoryMb":null,"timeoutSeconds":null,"minInstances":null,"maxInstances":null,"ingressSettings":null,"serviceAccountEmail":null,"vpc":null,"callableTrigger":{},"entryPoint":"deleteUser"},"disableRoutePlan":{"platform":"gcfv1","labels":{},"availableMemoryMb":null,"timeoutSeconds":null,"minInstances":null,"maxInstances":null,"ingressSettings":null,"serviceAccountEmail":null,"vpc":null,"callableTrigger":{},"entryPoint":"disableRoutePlan"}},"specVersion":"v1alpha1","requiredAPIs":[]}
[debug] [2022-11-01T17:44:43.365Z] shutdown requested via /__/quitquitquit

[info] i  functions: preparing functions directory for uploading... 
[info] i  functions: packaged E:\frontend\reactJS\mimi-web\functions (40.38 KB) for uploading 
[debug] [2022-11-01T17:44:43.465Z] >>> [apiv2][query] GET https://cloudfunctions.googleapis.com/v1/projects/mimi-plan-test/locations/-/functions [none]
[debug] [2022-11-01T17:44:45.267Z] <<< [apiv2][status] GET https://cloudfunctions.googleapis.com/v1/projects/mimi-plan-test/locations/-/functions 200
[debug] [2022-11-01T17:44:45.268Z] <<< [apiv2][body] GET https://cloudfunctions.googleapis.com/v1/projects/mimi-plan-test/locations/-/functions {"functions":[{"name":"projects/mimi-plan-test/locations/us-central1/functions/deleteUser","httpsTrigger":{"url":"https://us-central1-mimi-plan-test.cloudfunctions.net/deleteUser","securityLevel":"SECURE_ALWAYS"},"status":"ACTIVE","entryPoint":"deleteUser","timeout":"60s","availableMemoryMb":256,"serviceAccountEmail":"mimi-plan-test@appspot.gserviceaccount.com","updateTime":"2022-11-01T17:23:17.861Z","versionId":"2","labels":{"deployment-tool":"cli-firebase","deployment-callable":"true","firebase-functions-hash":"ba1fd94df191a157fbabaf673fa2e53d72bdd57d"},"sourceUploadUrl":"https://storage.googleapis.com/uploads-113041438867.us-central1.cloudfunctions.appspot.com/5faf4b3c-bbf4-4efc-9ff6-4e7fd0a7d8c4.zip","environmentVariables":{"FIREBASE_CONFIG":"{\"projectId\":\"mimi-plan-test\",\"storageBucket\":\"mimi-plan-test.appspot.com\",\"locationId\":\"us-central\"}","GCLOUD_PROJECT":"mimi-plan-test"},"runtime":"nodejs16","ingressSettings":"ALLOW_ALL","buildId":"14d8ce14-4224-4053-8227-5961bad2560e","buildName":"projects/752899782545/locations/us-central1/builds/14d8ce14-4224-4053-8227-5961bad2560e","dockerRegistry":"ARTIFACT_REGISTRY"},{"name":"projects/mimi-plan-test/locations/us-central1/functions/disableRoutePlan","httpsTrigger":{"url":"https://us-central1-mimi-plan-test.cloudfunctions.net/disableRoutePlan","securityLevel":"SECURE_ALWAYS"},"status":"ACTIVE","entryPoint":"disableRoutePlan","timeout":"60s","availableMemoryMb":256,"serviceAccountEmail":"mimi-plan-test@appspot.gserviceaccount.com","updateTime":"2022-11-01T17:23:05.207Z","versionId":"1","labels":{"deployment-tool":"cli-firebase","deployment-callable":"true","firebase-functions-hash":"ba1fd94df191a157fbabaf673fa2e53d72bdd57d"},"sourceUploadUrl":"https://storage.googleapis.com/uploads-113041438867.us-central1.cloudfunctions.appspot.com/5faf4b3c-bbf4-4efc-9ff6-4e7fd0a7d8c4.zip","environmentVariables":{"FIREBASE_CONFIG":"{\"projectId\":\"mimi-plan-test\",\"storageBucket\":\"mimi-plan-test.appspot.com\",\"locationId\":\"us-central\"}","GCLOUD_PROJECT":"mimi-plan-test"},"runtime":"nodejs16","ingressSettings":"ALLOW_ALL","buildId":"14d8ce14-4224-4053-8227-5961bad2560e","buildName":"projects/752899782545/locations/us-central1/builds/14d8ce14-4224-4053-8227-5961bad2560e","dockerRegistry":"ARTIFACT_REGISTRY"}]}
[debug] [2022-11-01T17:44:45.273Z] >>> [apiv2][query] GET https://cloudfunctions.googleapis.com/v2/projects/mimi-plan-test/locations/-/functions filter=environment%3D%22GEN_2%22
[debug] [2022-11-01T17:44:46.620Z] <<< [apiv2][status] GET https://cloudfunctions.googleapis.com/v2/projects/mimi-plan-test/locations/-/functions 200
[debug] [2022-11-01T17:44:46.620Z] <<< [apiv2][body] GET https://cloudfunctions.googleapis.com/v2/projects/mimi-plan-test/locations/-/functions {}
[debug] [2022-11-01T17:44:46.644Z] >>> [apiv2][query] GET https://firebase.googleapis.com/v1beta1/projects/mimi-plan-test [none]
[debug] [2022-11-01T17:44:47.429Z] <<< [apiv2][status] GET https://firebase.googleapis.com/v1beta1/projects/mimi-plan-test 200
[debug] [2022-11-01T17:44:47.429Z] <<< [apiv2][body] GET https://firebase.googleapis.com/v1beta1/projects/mimi-plan-test {"projectId":"mimi-plan-test","projectNumber":"752899782545","displayName":"Mimi-Plan-Test","name":"projects/mimi-plan-test","resources":{"hostingSite":"mimi-plan-test","storageBucket":"mimi-plan-test.appspot.com","locationId":"us-central"},"state":"ACTIVE","etag":"1_b577af51-1939-4714-adf3-3393bed4a817"}
[debug] [2022-11-01T17:44:47.430Z] >>> [apiv2][query] GET https://firebase.googleapis.com/v1beta1/projects/mimi-plan-test [none]
[debug] [2022-11-01T17:44:48.013Z] <<< [apiv2][status] GET https://firebase.googleapis.com/v1beta1/projects/mimi-plan-test 200
[debug] [2022-11-01T17:44:48.013Z] <<< [apiv2][body] GET https://firebase.googleapis.com/v1beta1/projects/mimi-plan-test {"projectId":"mimi-plan-test","projectNumber":"752899782545","displayName":"Mimi-Plan-Test","name":"projects/mimi-plan-test","resources":{"hostingSite":"mimi-plan-test","storageBucket":"mimi-plan-test.appspot.com","locationId":"us-central"},"state":"ACTIVE","etag":"1_b577af51-1939-4714-adf3-3393bed4a817"}
[debug] [2022-11-01T17:44:48.019Z] >>> [apiv2][query] POST https://cloudfunctions.googleapis.com/v1/projects/mimi-plan-test/locations/us-central1/functions:generateUploadUrl [none]
[debug] [2022-11-01T17:44:48.020Z] >>> [apiv2][body] POST https://cloudfunctions.googleapis.com/v1/projects/mimi-plan-test/locations/us-central1/functions:generateUploadUrl {}
[debug] [2022-11-01T17:44:48.894Z] <<< [apiv2][status] POST https://cloudfunctions.googleapis.com/v1/projects/mimi-plan-test/locations/us-central1/functions:generateUploadUrl 200
[debug] [2022-11-01T17:44:48.895Z] <<< [apiv2][body] POST https://cloudfunctions.googleapis.com/v1/projects/mimi-plan-test/locations/us-central1/functions:generateUploadUrl {"uploadUrl":"https://storage.googleapis.com/uploads-113041438867.us-central1.cloudfunctions.appspot.com/0aca5661-af25-4945-a461-fd8aece30d86.zip?GoogleAccessId=service-752899782545@gcf-admin-robot.iam.gserviceaccount.com&Expires=1667326488&Signature=qVbuJ78tpx2ZhwpAu4oKhdn8yiXAZnSDI%2FA%2FK0dPi2xgNaherFyLJhbjc3x7VBDJqkKnMip2pj2XxE9zoQXomuOtuk3ZZwTOJtd045WAfMy6aUx3XnL6n0gRNaYOnUi8XRSurfsZi4fGljit5upAj8uPbf20JPXch18unwcFSgPZuFpwfaQvnEXhuQ2q2PZfDZyK%2F5RvgaS8GlAqoY9gxpVZHEws5pwH7jxIlnqgVg63Q9xZ3lhHhn0ULwDScHNhqrW3Zb3EnSjt18jBkl9C41%2F7dJr2XT6IbZylgaUY4rFilDvftDDWnqPRwkafS7uaF5RTK2xd6ttfaMe1LOOuYg%3D%3D"}
[debug] [2022-11-01T17:44:48.896Z] >>> [apiv2][query] PUT https://storage.googleapis.com/uploads-113041438867.us-central1.cloudfunctions.appspot.com/0aca5661-af25-4945-a461-fd8aece30d86.zip GoogleAccessId=service-752899782545%40gcf-admin-robot.iam.gserviceaccount.com&Expires=1667326488&Signature=qVbuJ78tpx2ZhwpAu4oKhdn8yiXAZnSDI%2FA%2FK0dPi2xgNaherFyLJhbjc3x7VBDJqkKnMip2pj2XxE9zoQXomuOtuk3ZZwTOJtd045WAfMy6aUx3XnL6n0gRNaYOnUi8XRSurfsZi4fGljit5upAj8uPbf20JPXch18unwcFSgPZuFpwfaQvnEXhuQ2q2PZfDZyK%2F5RvgaS8GlAqoY9gxpVZHEws5pwH7jxIlnqgVg63Q9xZ3lhHhn0ULwDScHNhqrW3Zb3EnSjt18jBkl9C41%2F7dJr2XT6IbZylgaUY4rFilDvftDDWnqPRwkafS7uaF5RTK2xd6ttfaMe1LOOuYg%3D%3D
[debug] [2022-11-01T17:44:48.896Z] >>> [apiv2][body] PUT https://storage.googleapis.com/uploads-113041438867.us-central1.cloudfunctions.appspot.com/0aca5661-af25-4945-a461-fd8aece30d86.zip [stream]
[debug] [2022-11-01T17:44:51.331Z] <<< [apiv2][status] PUT https://storage.googleapis.com/uploads-113041438867.us-central1.cloudfunctions.appspot.com/0aca5661-af25-4945-a461-fd8aece30d86.zip 200
[debug] [2022-11-01T17:44:51.331Z] <<< [apiv2][body] PUT https://storage.googleapis.com/uploads-113041438867.us-central1.cloudfunctions.appspot.com/0aca5661-af25-4945-a461-fd8aece30d86.zip [omitted]
[info] +  functions: functions folder uploaded successfully 
[info] i  functions: updating Node.js 16 function deleteUser(us-central1)... 
[info] i  functions: updating Node.js 16 function disableRoutePlan(us-central1)... 
[debug] [2022-11-01T17:44:51.356Z] >>> [apiv2][query] PATCH https://cloudfunctions.googleapis.com/v1/projects/mimi-plan-test/locations/us-central1/functions/deleteUser updateMask=name%2CsourceUploadUrl%2CentryPoint%2Cruntime%2CdockerRegistry%2Clabels%2ChttpsTrigger.securityLevel%2CminInstances%2CmaxInstances%2CingressSettings%2CenvironmentVariables%2CserviceAccountEmail%2CavailableMemoryMb%2Ctimeout%2CvpcConnector%2CvpcConnectorEgressSettings%2CsourceToken
[debug] [2022-11-01T17:44:51.356Z] >>> [apiv2][body] PATCH https://cloudfunctions.googleapis.com/v1/projects/mimi-plan-test/locations/us-central1/functions/deleteUser {"name":"projects/mimi-plan-test/locations/us-central1/functions/deleteUser","sourceUploadUrl":"https://storage.googleapis.com/uploads-113041438867.us-central1.cloudfunctions.appspot.com/0aca5661-af25-4945-a461-fd8aece30d86.zip?GoogleAccessId=service-752899782545@gcf-admin-robot.iam.gserviceaccount.com&Expires=1667326488&Signature=qVbuJ78tpx2ZhwpAu4oKhdn8yiXAZnSDI%2FA%2FK0dPi2xgNaherFyLJhbjc3x7VBDJqkKnMip2pj2XxE9zoQXomuOtuk3ZZwTOJtd045WAfMy6aUx3XnL6n0gRNaYOnUi8XRSurfsZi4fGljit5upAj8uPbf20JPXch18unwcFSgPZuFpwfaQvnEXhuQ2q2PZfDZyK%2F5RvgaS8GlAqoY9gxpVZHEws5pwH7jxIlnqgVg63Q9xZ3lhHhn0ULwDScHNhqrW3Zb3EnSjt18jBkl9C41%2F7dJr2XT6IbZylgaUY4rFilDvftDDWnqPRwkafS7uaF5RTK2xd6ttfaMe1LOOuYg%3D%3D","entryPoint":"deleteUser","runtime":"nodejs16","dockerRegistry":"ARTIFACT_REGISTRY","labels":{"deployment-tool":"cli-firebase","deployment-callable":"true","firebase-functions-hash":"6b48704e00b5a162546390d39eeac1a937c9a431"},"httpsTrigger":{"securityLevel":"SECURE_ALWAYS"},"minInstances":null,"maxInstances":null,"ingressSettings":null,"environmentVariables":{"FIREBASE_CONFIG":"{\"projectId\":\"mimi-plan-test\",\"storageBucket\":\"mimi-plan-test.appspot.com\",\"locationId\":\"us-central\"}","GCLOUD_PROJECT":"mimi-plan-test"},"serviceAccountEmail":null,"availableMemoryMb":null,"timeout":null,"vpcConnector":null,"vpcConnectorEgressSettings":null}
[debug] [2022-11-01T17:44:52.505Z] <<< [apiv2][status] PATCH https://cloudfunctions.googleapis.com/v1/projects/mimi-plan-test/locations/us-central1/functions/deleteUser 200
[debug] [2022-11-01T17:44:52.505Z] <<< [apiv2][body] PATCH https://cloudfunctions.googleapis.com/v1/projects/mimi-plan-test/locations/us-central1/functions/deleteUser {"name":"operations/bWltaS1wbGFuLXRlc3QvdXMtY2VudHJhbDEvZGVsZXRlVXNlci9sMUwtcGVuVUtRaw","metadata":{"@type":"type.googleapis.com/google.cloud.functions.v1.OperationMetadataV1","target":"projects/mimi-plan-test/locations/us-central1/functions/deleteUser","type":"UPDATE_FUNCTION","request":{"@type":"type.googleapis.com/google.cloud.functions.v1.CloudFunction","name":"projects/mimi-plan-test/locations/us-central1/functions/deleteUser","httpsTrigger":{"url":"https://us-central1-mimi-plan-test.cloudfunctions.net/deleteUser","securityLevel":"SECURE_ALWAYS"},"status":"ACTIVE","entryPoint":"deleteUser","updateTime":"2022-11-01T17:23:17.861Z","versionId":"2","labels":{"deployment-tool":"cli-firebase","deployment-callable":"true","firebase-functions-hash":"6b48704e00b5a162546390d39eeac1a937c9a431"},"sourceUploadUrl":"https://storage.googleapis.com/uploads-113041438867.us-central1.cloudfunctions.appspot.com/0aca5661-af25-4945-a461-fd8aece30d86.zip?GoogleAccessId=service-752899782545@gcf-admin-robot.iam.gserviceaccount.com&Expires=1667326488&Signature=qVbuJ78tpx2ZhwpAu4oKhdn8yiXAZnSDI%2FA%2FK0dPi2xgNaherFyLJhbjc3x7VBDJqkKnMip2pj2XxE9zoQXomuOtuk3ZZwTOJtd045WAfMy6aUx3XnL6n0gRNaYOnUi8XRSurfsZi4fGljit5upAj8uPbf20JPXch18unwcFSgPZuFpwfaQvnEXhuQ2q2PZfDZyK%2F5RvgaS8GlAqoY9gxpVZHEws5pwH7jxIlnqgVg63Q9xZ3lhHhn0ULwDScHNhqrW3Zb3EnSjt18jBkl9C41%2F7dJr2XT6IbZylgaUY4rFilDvftDDWnqPRwkafS7uaF5RTK2xd6ttfaMe1LOOuYg%3D%3D","environmentVariables":{"FIREBASE_CONFIG":"{\"projectId\":\"mimi-plan-test\",\"storageBucket\":\"mimi-plan-test.appspot.com\",\"locationId\":\"us-central\"}","GCLOUD_PROJECT":"mimi-plan-test"},"runtime":"nodejs16","buildId":"14d8ce14-4224-4053-8227-5961bad2560e","buildName":"projects/752899782545/locations/us-central1/builds/14d8ce14-4224-4053-8227-5961bad2560e","dockerRegistry":"ARTIFACT_REGISTRY"},"versionId":"3","updateTime":"2022-11-01T17:44:51Z"}}
[debug] [2022-11-01T17:44:52.508Z] >>> [apiv2][query] GET https://cloudfunctions.googleapis.com/v1/operations/bWltaS1wbGFuLXRlc3QvdXMtY2VudHJhbDEvZGVsZXRlVXNlci9sMUwtcGVuVUtRaw [none]
[debug] [2022-11-01T17:44:53.083Z] <<< [apiv2][status] GET https://cloudfunctions.googleapis.com/v1/operations/bWltaS1wbGFuLXRlc3QvdXMtY2VudHJhbDEvZGVsZXRlVXNlci9sMUwtcGVuVUtRaw 200
[debug] [2022-11-01T17:44:53.084Z] <<< [apiv2][body] GET https://cloudfunctions.googleapis.com/v1/operations/bWltaS1wbGFuLXRlc3QvdXMtY2VudHJhbDEvZGVsZXRlVXNlci9sMUwtcGVuVUtRaw {"name":"operations/bWltaS1wbGFuLXRlc3QvdXMtY2VudHJhbDEvZGVsZXRlVXNlci9sMUwtcGVuVUtRaw","metadata":{"@type":"type.googleapis.com/google.cloud.functions.v1.OperationMetadataV1","target":"projects/mimi-plan-test/locations/us-central1/functions/deleteUser","type":"UPDATE_FUNCTION","request":{"@type":"type.googleapis.com/google.cloud.functions.v1.CloudFunction","name":"projects/mimi-plan-test/locations/us-central1/functions/deleteUser","httpsTrigger":{"url":"https://us-central1-mimi-plan-test.cloudfunctions.net/deleteUser","securityLevel":"SECURE_ALWAYS"},"status":"ACTIVE","entryPoint":"deleteUser","updateTime":"2022-11-01T17:23:17.861Z","versionId":"2","labels":{"deployment-tool":"cli-firebase","deployment-callable":"true","firebase-functions-hash":"6b48704e00b5a162546390d39eeac1a937c9a431"},"sourceUploadUrl":"https://storage.googleapis.com/uploads-113041438867.us-central1.cloudfunctions.appspot.com/0aca5661-af25-4945-a461-fd8aece30d86.zip?GoogleAccessId=service-752899782545@gcf-admin-robot.iam.gserviceaccount.com&Expires=1667326488&Signature=qVbuJ78tpx2ZhwpAu4oKhdn8yiXAZnSDI%2FA%2FK0dPi2xgNaherFyLJhbjc3x7VBDJqkKnMip2pj2XxE9zoQXomuOtuk3ZZwTOJtd045WAfMy6aUx3XnL6n0gRNaYOnUi8XRSurfsZi4fGljit5upAj8uPbf20JPXch18unwcFSgPZuFpwfaQvnEXhuQ2q2PZfDZyK%2F5RvgaS8GlAqoY9gxpVZHEws5pwH7jxIlnqgVg63Q9xZ3lhHhn0ULwDScHNhqrW3Zb3EnSjt18jBkl9C41%2F7dJr2XT6IbZylgaUY4rFilDvftDDWnqPRwkafS7uaF5RTK2xd6ttfaMe1LOOuYg%3D%3D","environmentVariables":{"FIREBASE_CONFIG":"{\"projectId\":\"mimi-plan-test\",\"storageBucket\":\"mimi-plan-test.appspot.com\",\"locationId\":\"us-central\"}","GCLOUD_PROJECT":"mimi-plan-test"},"runtime":"nodejs16","buildId":"14d8ce14-4224-4053-8227-5961bad2560e","buildName":"projects/752899782545/locations/us-central1/builds/14d8ce14-4224-4053-8227-5961bad2560e","dockerRegistry":"ARTIFACT_REGISTRY"},"versionId":"3","updateTime":"2022-11-01T17:44:52Z"}}
[debug] [2022-11-01T17:44:53.597Z] [update-default-us-central1-deleteUser] Retrying task index 0
[debug] [2022-11-01T17:44:53.598Z] >>> [apiv2][query] GET https://cloudfunctions.googleapis.com/v1/operations/bWltaS1wbGFuLXRlc3QvdXMtY2VudHJhbDEvZGVsZXRlVXNlci9sMUwtcGVuVUtRaw [none]
[debug] [2022-11-01T17:44:54.154Z] <<< [apiv2][status] GET https://cloudfunctions.googleapis.com/v1/operations/bWltaS1wbGFuLXRlc3QvdXMtY2VudHJhbDEvZGVsZXRlVXNlci9sMUwtcGVuVUtRaw 200
[debug] [2022-11-01T17:44:54.155Z] <<< [apiv2][body] GET https://cloudfunctions.googleapis.com/v1/operations/bWltaS1wbGFuLXRlc3QvdXMtY2VudHJhbDEvZGVsZXRlVXNlci9sMUwtcGVuVUtRaw {"name":"operations/bWltaS1wbGFuLXRlc3QvdXMtY2VudHJhbDEvZGVsZXRlVXNlci9sMUwtcGVuVUtRaw","metadata":{"@type":"type.googleapis.com/google.cloud.functions.v1.OperationMetadataV1","target":"projects/mimi-plan-test/locations/us-central1/functions/deleteUser","type":"UPDATE_FUNCTION","request":{"@type":"type.googleapis.com/google.cloud.functions.v1.CloudFunction","name":"projects/mimi-plan-test/locations/us-central1/functions/deleteUser","httpsTrigger":{"url":"https://us-central1-mimi-plan-test.cloudfunctions.net/deleteUser","securityLevel":"SECURE_ALWAYS"},"status":"ACTIVE","entryPoint":"deleteUser","updateTime":"2022-11-01T17:23:17.861Z","versionId":"2","labels":{"deployment-tool":"cli-firebase","deployment-callable":"true","firebase-functions-hash":"6b48704e00b5a162546390d39eeac1a937c9a431"},"sourceUploadUrl":"https://storage.googleapis.com/uploads-113041438867.us-central1.cloudfunctions.appspot.com/0aca5661-af25-4945-a461-fd8aece30d86.zip?GoogleAccessId=service-752899782545@gcf-admin-robot.iam.gserviceaccount.com&Expires=1667326488&Signature=qVbuJ78tpx2ZhwpAu4oKhdn8yiXAZnSDI%2FA%2FK0dPi2xgNaherFyLJhbjc3x7VBDJqkKnMip2pj2XxE9zoQXomuOtuk3ZZwTOJtd045WAfMy6aUx3XnL6n0gRNaYOnUi8XRSurfsZi4fGljit5upAj8uPbf20JPXch18unwcFSgPZuFpwfaQvnEXhuQ2q2PZfDZyK%2F5RvgaS8GlAqoY9gxpVZHEws5pwH7jxIlnqgVg63Q9xZ3lhHhn0ULwDScHNhqrW3Zb3EnSjt18jBkl9C41%2F7dJr2XT6IbZylgaUY4rFilDvftDDWnqPRwkafS7uaF5RTK2xd6ttfaMe1LOOuYg%3D%3D","environmentVariables":{"FIREBASE_CONFIG":"{\"projectId\":\"mimi-plan-test\",\"storageBucket\":\"mimi-plan-test.appspot.com\",\"locationId\":\"us-central\"}","GCLOUD_PROJECT":"mimi-plan-test"},"runtime":"nodejs16","buildId":"14d8ce14-4224-4053-8227-5961bad2560e","buildName":"projects/752899782545/locations/us-central1/builds/14d8ce14-4224-4053-8227-5961bad2560e","dockerRegistry":"ARTIFACT_REGISTRY"},"versionId":"3","updateTime":"2022-11-01T17:44:52Z","buildId":"ce1faaf5-473e-4f35-aeaa-fde9ce14ebc8","buildName":"projects/752899782545/locations/us-central1/builds/ce1faaf5-473e-4f35-aeaa-fde9ce14ebc8"}}
[debug] [2022-11-01T17:44:55.159Z] [update-default-us-central1-deleteUser] Retrying task index 0
[debug] [2022-11-01T17:44:55.161Z] >>> [apiv2][query] GET https://cloudfunctions.googleapis.com/v1/operations/bWltaS1wbGFuLXRlc3QvdXMtY2VudHJhbDEvZGVsZXRlVXNlci9sMUwtcGVuVUtRaw [none]
[debug] [2022-11-01T17:44:55.750Z] <<< [apiv2][status] GET https://cloudfunctions.googleapis.com/v1/operations/bWltaS1wbGFuLXRlc3QvdXMtY2VudHJhbDEvZGVsZXRlVXNlci9sMUwtcGVuVUtRaw 200
[debug] [2022-11-01T17:44:55.750Z] <<< [apiv2][body] GET https://cloudfunctions.googleapis.com/v1/operations/bWltaS1wbGFuLXRlc3QvdXMtY2VudHJhbDEvZGVsZXRlVXNlci9sMUwtcGVuVUtRaw {"name":"operations/bWltaS1wbGFuLXRlc3QvdXMtY2VudHJhbDEvZGVsZXRlVXNlci9sMUwtcGVuVUtRaw","metadata":{"@type":"type.googleapis.com/google.cloud.functions.v1.OperationMetadataV1","target":"projects/mimi-plan-test/locations/us-central1/functions/deleteUser","type":"UPDATE_FUNCTION","request":{"@type":"type.googleapis.com/google.cloud.functions.v1.CloudFunction","name":"projects/mimi-plan-test/locations/us-central1/functions/deleteUser","httpsTrigger":{"url":"https://us-central1-mimi-plan-test.cloudfunctions.net/deleteUser","securityLevel":"SECURE_ALWAYS"},"status":"ACTIVE","entryPoint":"deleteUser","updateTime":"2022-11-01T17:23:17.861Z","versionId":"2","labels":{"deployment-tool":"cli-firebase","deployment-callable":"true","firebase-functions-hash":"6b48704e00b5a162546390d39eeac1a937c9a431"},"sourceUploadUrl":"https://storage.googleapis.com/uploads-113041438867.us-central1.cloudfunctions.appspot.com/0aca5661-af25-4945-a461-fd8aece30d86.zip?GoogleAccessId=service-752899782545@gcf-admin-robot.iam.gserviceaccount.com&Expires=1667326488&Signature=qVbuJ78tpx2ZhwpAu4oKhdn8yiXAZnSDI%2FA%2FK0dPi2xgNaherFyLJhbjc3x7VBDJqkKnMip2pj2XxE9zoQXomuOtuk3ZZwTOJtd045WAfMy6aUx3XnL6n0gRNaYOnUi8XRSurfsZi4fGljit5upAj8uPbf20JPXch18unwcFSgPZuFpwfaQvnEXhuQ2q2PZfDZyK%2F5RvgaS8GlAqoY9gxpVZHEws5pwH7jxIlnqgVg63Q9xZ3lhHhn0ULwDScHNhqrW3Zb3EnSjt18jBkl9C41%2F7dJr2XT6IbZylgaUY4rFilDvftDDWnqPRwkafS7uaF5RTK2xd6ttfaMe1LOOuYg%3D%3D","environmentVariables":{"FIREBASE_CONFIG":"{\"projectId\":\"mimi-plan-test\",\"storageBucket\":\"mimi-plan-test.appspot.com\",\"locationId\":\"us-central\"}","GCLOUD_PROJECT":"mimi-plan-test"},"runtime":"nodejs16","buildId":"14d8ce14-4224-4053-8227-5961bad2560e","buildName":"projects/752899782545/locations/us-central1/builds/14d8ce14-4224-4053-8227-5961bad2560e","dockerRegistry":"ARTIFACT_REGISTRY"},"versionId":"3","updateTime":"2022-11-01T17:44:52Z","buildId":"ce1faaf5-473e-4f35-aeaa-fde9ce14ebc8","buildName":"projects/752899782545/locations/us-central1/builds/ce1faaf5-473e-4f35-aeaa-fde9ce14ebc8"}}
[debug] [2022-11-01T17:44:57.753Z] [update-default-us-central1-deleteUser] Retrying task index 0
[debug] [2022-11-01T17:44:57.755Z] >>> [apiv2][query] GET https://cloudfunctions.googleapis.com/v1/operations/bWltaS1wbGFuLXRlc3QvdXMtY2VudHJhbDEvZGVsZXRlVXNlci9sMUwtcGVuVUtRaw [none]
[debug] [2022-11-01T17:44:58.389Z] <<< [apiv2][status] GET https://cloudfunctions.googleapis.com/v1/operations/bWltaS1wbGFuLXRlc3QvdXMtY2VudHJhbDEvZGVsZXRlVXNlci9sMUwtcGVuVUtRaw 200
[debug] [2022-11-01T17:44:58.390Z] <<< [apiv2][body] GET https://cloudfunctions.googleapis.com/v1/operations/bWltaS1wbGFuLXRlc3QvdXMtY2VudHJhbDEvZGVsZXRlVXNlci9sMUwtcGVuVUtRaw {"name":"operations/bWltaS1wbGFuLXRlc3QvdXMtY2VudHJhbDEvZGVsZXRlVXNlci9sMUwtcGVuVUtRaw","metadata":{"@type":"type.googleapis.com/google.cloud.functions.v1.OperationMetadataV1","target":"projects/mimi-plan-test/locations/us-central1/functions/deleteUser","type":"UPDATE_FUNCTION","request":{"@type":"type.googleapis.com/google.cloud.functions.v1.CloudFunction","name":"projects/mimi-plan-test/locations/us-central1/functions/deleteUser","httpsTrigger":{"url":"https://us-central1-mimi-plan-test.cloudfunctions.net/deleteUser","securityLevel":"SECURE_ALWAYS"},"status":"ACTIVE","entryPoint":"deleteUser","updateTime":"2022-11-01T17:23:17.861Z","versionId":"2","labels":{"deployment-tool":"cli-firebase","deployment-callable":"true","firebase-functions-hash":"6b48704e00b5a162546390d39eeac1a937c9a431"},"sourceUploadUrl":"https://storage.googleapis.com/uploads-113041438867.us-central1.cloudfunctions.appspot.com/0aca5661-af25-4945-a461-fd8aece30d86.zip?GoogleAccessId=service-752899782545@gcf-admin-robot.iam.gserviceaccount.com&Expires=1667326488&Signature=qVbuJ78tpx2ZhwpAu4oKhdn8yiXAZnSDI%2FA%2FK0dPi2xgNaherFyLJhbjc3x7VBDJqkKnMip2pj2XxE9zoQXomuOtuk3ZZwTOJtd045WAfMy6aUx3XnL6n0gRNaYOnUi8XRSurfsZi4fGljit5upAj8uPbf20JPXch18unwcFSgPZuFpwfaQvnEXhuQ2q2PZfDZyK%2F5RvgaS8GlAqoY9gxpVZHEws5pwH7jxIlnqgVg63Q9xZ3lhHhn0ULwDScHNhqrW3Zb3EnSjt18jBkl9C41%2F7dJr2XT6IbZylgaUY4rFilDvftDDWnqPRwkafS7uaF5RTK2xd6ttfaMe1LOOuYg%3D%3D","environmentVariables":{"FIREBASE_CONFIG":"{\"projectId\":\"mimi-plan-test\",\"storageBucket\":\"mimi-plan-test.appspot.com\",\"locationId\":\"us-central\"}","GCLOUD_PROJECT":"mimi-plan-test"},"runtime":"nodejs16","buildId":"14d8ce14-4224-4053-8227-5961bad2560e","buildName":"projects/752899782545/locations/us-central1/builds/14d8ce14-4224-4053-8227-5961bad2560e","dockerRegistry":"ARTIFACT_REGISTRY"},"versionId":"3","updateTime":"2022-11-01T17:44:52Z","buildId":"ce1faaf5-473e-4f35-aeaa-fde9ce14ebc8","buildName":"projects/752899782545/locations/us-central1/builds/ce1faaf5-473e-4f35-aeaa-fde9ce14ebc8"}}
[debug] [2022-11-01T17:45:02.395Z] [update-default-us-central1-deleteUser] Retrying task index 0
[debug] [2022-11-01T17:45:02.396Z] >>> [apiv2][query] GET https://cloudfunctions.googleapis.com/v1/operations/bWltaS1wbGFuLXRlc3QvdXMtY2VudHJhbDEvZGVsZXRlVXNlci9sMUwtcGVuVUtRaw [none]
[debug] [2022-11-01T17:45:03.023Z] <<< [apiv2][status] GET https://cloudfunctions.googleapis.com/v1/operations/bWltaS1wbGFuLXRlc3QvdXMtY2VudHJhbDEvZGVsZXRlVXNlci9sMUwtcGVuVUtRaw 200
[debug] [2022-11-01T17:45:03.023Z] <<< [apiv2][body] GET https://cloudfunctions.googleapis.com/v1/operations/bWltaS1wbGFuLXRlc3QvdXMtY2VudHJhbDEvZGVsZXRlVXNlci9sMUwtcGVuVUtRaw {"name":"operations/bWltaS1wbGFuLXRlc3QvdXMtY2VudHJhbDEvZGVsZXRlVXNlci9sMUwtcGVuVUtRaw","metadata":{"@type":"type.googleapis.com/google.cloud.functions.v1.OperationMetadataV1","target":"projects/mimi-plan-test/locations/us-central1/functions/deleteUser","type":"UPDATE_FUNCTION","request":{"@type":"type.googleapis.com/google.cloud.functions.v1.CloudFunction","name":"projects/mimi-plan-test/locations/us-central1/functions/deleteUser","httpsTrigger":{"url":"https://us-central1-mimi-plan-test.cloudfunctions.net/deleteUser","securityLevel":"SECURE_ALWAYS"},"status":"ACTIVE","entryPoint":"deleteUser","updateTime":"2022-11-01T17:23:17.861Z","versionId":"2","labels":{"deployment-tool":"cli-firebase","deployment-callable":"true","firebase-functions-hash":"6b48704e00b5a162546390d39eeac1a937c9a431"},"sourceUploadUrl":"https://storage.googleapis.com/uploads-113041438867.us-central1.cloudfunctions.appspot.com/0aca5661-af25-4945-a461-fd8aece30d86.zip?GoogleAccessId=service-752899782545@gcf-admin-robot.iam.gserviceaccount.com&Expires=1667326488&Signature=qVbuJ78tpx2ZhwpAu4oKhdn8yiXAZnSDI%2FA%2FK0dPi2xgNaherFyLJhbjc3x7VBDJqkKnMip2pj2XxE9zoQXomuOtuk3ZZwTOJtd045WAfMy6aUx3XnL6n0gRNaYOnUi8XRSurfsZi4fGljit5upAj8uPbf20JPXch18unwcFSgPZuFpwfaQvnEXhuQ2q2PZfDZyK%2F5RvgaS8GlAqoY9gxpVZHEws5pwH7jxIlnqgVg63Q9xZ3lhHhn0ULwDScHNhqrW3Zb3EnSjt18jBkl9C41%2F7dJr2XT6IbZylgaUY4rFilDvftDDWnqPRwkafS7uaF5RTK2xd6ttfaMe1LOOuYg%3D%3D","environmentVariables":{"FIREBASE_CONFIG":"{\"projectId\":\"mimi-plan-test\",\"storageBucket\":\"mimi-plan-test.appspot.com\",\"locationId\":\"us-central\"}","GCLOUD_PROJECT":"mimi-plan-test"},"runtime":"nodejs16","buildId":"14d8ce14-4224-4053-8227-5961bad2560e","buildName":"projects/752899782545/locations/us-central1/builds/14d8ce14-4224-4053-8227-5961bad2560e","dockerRegistry":"ARTIFACT_REGISTRY"},"versionId":"3","updateTime":"2022-11-01T17:44:52Z","buildId":"ce1faaf5-473e-4f35-aeaa-fde9ce14ebc8","buildName":"projects/752899782545/locations/us-central1/builds/ce1faaf5-473e-4f35-aeaa-fde9ce14ebc8"}}
[debug] [2022-11-01T17:45:11.035Z] [update-default-us-central1-deleteUser] Retrying task index 0
[debug] [2022-11-01T17:45:11.036Z] >>> [apiv2][query] GET https://cloudfunctions.googleapis.com/v1/operations/bWltaS1wbGFuLXRlc3QvdXMtY2VudHJhbDEvZGVsZXRlVXNlci9sMUwtcGVuVUtRaw [none]
[debug] [2022-11-01T17:45:11.609Z] <<< [apiv2][status] GET https://cloudfunctions.googleapis.com/v1/operations/bWltaS1wbGFuLXRlc3QvdXMtY2VudHJhbDEvZGVsZXRlVXNlci9sMUwtcGVuVUtRaw 200
[debug] [2022-11-01T17:45:11.610Z] <<< [apiv2][body] GET https://cloudfunctions.googleapis.com/v1/operations/bWltaS1wbGFuLXRlc3QvdXMtY2VudHJhbDEvZGVsZXRlVXNlci9sMUwtcGVuVUtRaw {"name":"operations/bWltaS1wbGFuLXRlc3QvdXMtY2VudHJhbDEvZGVsZXRlVXNlci9sMUwtcGVuVUtRaw","metadata":{"@type":"type.googleapis.com/google.cloud.functions.v1.OperationMetadataV1","target":"projects/mimi-plan-test/locations/us-central1/functions/deleteUser","type":"UPDATE_FUNCTION","request":{"@type":"type.googleapis.com/google.cloud.functions.v1.CloudFunction","name":"projects/mimi-plan-test/locations/us-central1/functions/deleteUser","httpsTrigger":{"url":"https://us-central1-mimi-plan-test.cloudfunctions.net/deleteUser","securityLevel":"SECURE_ALWAYS"},"status":"ACTIVE","entryPoint":"deleteUser","updateTime":"2022-11-01T17:23:17.861Z","versionId":"2","labels":{"deployment-tool":"cli-firebase","deployment-callable":"true","firebase-functions-hash":"6b48704e00b5a162546390d39eeac1a937c9a431"},"sourceUploadUrl":"https://storage.googleapis.com/uploads-113041438867.us-central1.cloudfunctions.appspot.com/0aca5661-af25-4945-a461-fd8aece30d86.zip?GoogleAccessId=service-752899782545@gcf-admin-robot.iam.gserviceaccount.com&Expires=1667326488&Signature=qVbuJ78tpx2ZhwpAu4oKhdn8yiXAZnSDI%2FA%2FK0dPi2xgNaherFyLJhbjc3x7VBDJqkKnMip2pj2XxE9zoQXomuOtuk3ZZwTOJtd045WAfMy6aUx3XnL6n0gRNaYOnUi8XRSurfsZi4fGljit5upAj8uPbf20JPXch18unwcFSgPZuFpwfaQvnEXhuQ2q2PZfDZyK%2F5RvgaS8GlAqoY9gxpVZHEws5pwH7jxIlnqgVg63Q9xZ3lhHhn0ULwDScHNhqrW3Zb3EnSjt18jBkl9C41%2F7dJr2XT6IbZylgaUY4rFilDvftDDWnqPRwkafS7uaF5RTK2xd6ttfaMe1LOOuYg%3D%3D","environmentVariables":{"FIREBASE_CONFIG":"{\"projectId\":\"mimi-plan-test\",\"storageBucket\":\"mimi-plan-test.appspot.com\",\"locationId\":\"us-central\"}","GCLOUD_PROJECT":"mimi-plan-test"},"runtime":"nodejs16","buildId":"14d8ce14-4224-4053-8227-5961bad2560e","buildName":"projects/752899782545/locations/us-central1/builds/14d8ce14-4224-4053-8227-5961bad2560e","dockerRegistry":"ARTIFACT_REGISTRY"},"versionId":"3","updateTime":"2022-11-01T17:44:52Z","buildId":"ce1faaf5-473e-4f35-aeaa-fde9ce14ebc8","buildName":"projects/752899782545/locations/us-central1/builds/ce1faaf5-473e-4f35-aeaa-fde9ce14ebc8"}}
[debug] [2022-11-01T17:45:21.620Z] [update-default-us-central1-deleteUser] Retrying task index 0
[debug] [2022-11-01T17:45:21.621Z] >>> [apiv2][query] GET https://cloudfunctions.googleapis.com/v1/operations/bWltaS1wbGFuLXRlc3QvdXMtY2VudHJhbDEvZGVsZXRlVXNlci9sMUwtcGVuVUtRaw [none]
[debug] [2022-11-01T17:45:22.304Z] <<< [apiv2][status] GET https://cloudfunctions.googleapis.com/v1/operations/bWltaS1wbGFuLXRlc3QvdXMtY2VudHJhbDEvZGVsZXRlVXNlci9sMUwtcGVuVUtRaw 200
[debug] [2022-11-01T17:45:22.305Z] <<< [apiv2][body] GET https://cloudfunctions.googleapis.com/v1/operations/bWltaS1wbGFuLXRlc3QvdXMtY2VudHJhbDEvZGVsZXRlVXNlci9sMUwtcGVuVUtRaw {"name":"operations/bWltaS1wbGFuLXRlc3QvdXMtY2VudHJhbDEvZGVsZXRlVXNlci9sMUwtcGVuVUtRaw","metadata":{"@type":"type.googleapis.com/google.cloud.functions.v1.OperationMetadataV1","target":"projects/mimi-plan-test/locations/us-central1/functions/deleteUser","type":"UPDATE_FUNCTION","request":{"@type":"type.googleapis.com/google.cloud.functions.v1.CloudFunction","name":"projects/mimi-plan-test/locations/us-central1/functions/deleteUser","httpsTrigger":{"url":"https://us-central1-mimi-plan-test.cloudfunctions.net/deleteUser","securityLevel":"SECURE_ALWAYS"},"status":"ACTIVE","entryPoint":"deleteUser","updateTime":"2022-11-01T17:23:17.861Z","versionId":"2","labels":{"deployment-tool":"cli-firebase","deployment-callable":"true","firebase-functions-hash":"6b48704e00b5a162546390d39eeac1a937c9a431"},"sourceUploadUrl":"https://storage.googleapis.com/uploads-113041438867.us-central1.cloudfunctions.appspot.com/0aca5661-af25-4945-a461-fd8aece30d86.zip?GoogleAccessId=service-752899782545@gcf-admin-robot.iam.gserviceaccount.com&Expires=1667326488&Signature=qVbuJ78tpx2ZhwpAu4oKhdn8yiXAZnSDI%2FA%2FK0dPi2xgNaherFyLJhbjc3x7VBDJqkKnMip2pj2XxE9zoQXomuOtuk3ZZwTOJtd045WAfMy6aUx3XnL6n0gRNaYOnUi8XRSurfsZi4fGljit5upAj8uPbf20JPXch18unwcFSgPZuFpwfaQvnEXhuQ2q2PZfDZyK%2F5RvgaS8GlAqoY9gxpVZHEws5pwH7jxIlnqgVg63Q9xZ3lhHhn0ULwDScHNhqrW3Zb3EnSjt18jBkl9C41%2F7dJr2XT6IbZylgaUY4rFilDvftDDWnqPRwkafS7uaF5RTK2xd6ttfaMe1LOOuYg%3D%3D","environmentVariables":{"FIREBASE_CONFIG":"{\"projectId\":\"mimi-plan-test\",\"storageBucket\":\"mimi-plan-test.appspot.com\",\"locationId\":\"us-central\"}","GCLOUD_PROJECT":"mimi-plan-test"},"runtime":"nodejs16","buildId":"14d8ce14-4224-4053-8227-5961bad2560e","buildName":"projects/752899782545/locations/us-central1/builds/14d8ce14-4224-4053-8227-5961bad2560e","dockerRegistry":"ARTIFACT_REGISTRY"},"versionId":"3","updateTime":"2022-11-01T17:44:52Z","buildId":"ce1faaf5-473e-4f35-aeaa-fde9ce14ebc8","buildName":"projects/752899782545/locations/us-central1/builds/ce1faaf5-473e-4f35-aeaa-fde9ce14ebc8"}}
[debug] [2022-11-01T17:45:32.307Z] [update-default-us-central1-deleteUser] Retrying task index 0
[debug] [2022-11-01T17:45:32.308Z] >>> [apiv2][query] GET https://cloudfunctions.googleapis.com/v1/operations/bWltaS1wbGFuLXRlc3QvdXMtY2VudHJhbDEvZGVsZXRlVXNlci9sMUwtcGVuVUtRaw [none]
[debug] [2022-11-01T17:45:32.893Z] <<< [apiv2][status] GET https://cloudfunctions.googleapis.com/v1/operations/bWltaS1wbGFuLXRlc3QvdXMtY2VudHJhbDEvZGVsZXRlVXNlci9sMUwtcGVuVUtRaw 200
[debug] [2022-11-01T17:45:32.894Z] <<< [apiv2][body] GET https://cloudfunctions.googleapis.com/v1/operations/bWltaS1wbGFuLXRlc3QvdXMtY2VudHJhbDEvZGVsZXRlVXNlci9sMUwtcGVuVUtRaw {"name":"operations/bWltaS1wbGFuLXRlc3QvdXMtY2VudHJhbDEvZGVsZXRlVXNlci9sMUwtcGVuVUtRaw","metadata":{"@type":"type.googleapis.com/google.cloud.functions.v1.OperationMetadataV1","target":"projects/mimi-plan-test/locations/us-central1/functions/deleteUser","type":"UPDATE_FUNCTION","request":{"@type":"type.googleapis.com/google.cloud.functions.v1.CloudFunction","name":"projects/mimi-plan-test/locations/us-central1/functions/deleteUser","httpsTrigger":{"url":"https://us-central1-mimi-plan-test.cloudfunctions.net/deleteUser","securityLevel":"SECURE_ALWAYS"},"status":"ACTIVE","entryPoint":"deleteUser","updateTime":"2022-11-01T17:23:17.861Z","versionId":"2","labels":{"deployment-tool":"cli-firebase","deployment-callable":"true","firebase-functions-hash":"6b48704e00b5a162546390d39eeac1a937c9a431"},"sourceUploadUrl":"https://storage.googleapis.com/uploads-113041438867.us-central1.cloudfunctions.appspot.com/0aca5661-af25-4945-a461-fd8aece30d86.zip?GoogleAccessId=service-752899782545@gcf-admin-robot.iam.gserviceaccount.com&Expires=1667326488&Signature=qVbuJ78tpx2ZhwpAu4oKhdn8yiXAZnSDI%2FA%2FK0dPi2xgNaherFyLJhbjc3x7VBDJqkKnMip2pj2XxE9zoQXomuOtuk3ZZwTOJtd045WAfMy6aUx3XnL6n0gRNaYOnUi8XRSurfsZi4fGljit5upAj8uPbf20JPXch18unwcFSgPZuFpwfaQvnEXhuQ2q2PZfDZyK%2F5RvgaS8GlAqoY9gxpVZHEws5pwH7jxIlnqgVg63Q9xZ3lhHhn0ULwDScHNhqrW3Zb3EnSjt18jBkl9C41%2F7dJr2XT6IbZylgaUY4rFilDvftDDWnqPRwkafS7uaF5RTK2xd6ttfaMe1LOOuYg%3D%3D","environmentVariables":{"FIREBASE_CONFIG":"{\"projectId\":\"mimi-plan-test\",\"storageBucket\":\"mimi-plan-test.appspot.com\",\"locationId\":\"us-central\"}","GCLOUD_PROJECT":"mimi-plan-test"},"runtime":"nodejs16","buildId":"14d8ce14-4224-4053-8227-5961bad2560e","buildName":"projects/752899782545/locations/us-central1/builds/14d8ce14-4224-4053-8227-5961bad2560e","dockerRegistry":"ARTIFACT_REGISTRY"},"versionId":"3","updateTime":"2022-11-01T17:44:52Z","buildId":"ce1faaf5-473e-4f35-aeaa-fde9ce14ebc8","buildName":"projects/752899782545/locations/us-central1/builds/ce1faaf5-473e-4f35-aeaa-fde9ce14ebc8"}}
[debug] [2022-11-01T17:45:42.900Z] [update-default-us-central1-deleteUser] Retrying task index 0
[debug] [2022-11-01T17:45:42.901Z] >>> [apiv2][query] GET https://cloudfunctions.googleapis.com/v1/operations/bWltaS1wbGFuLXRlc3QvdXMtY2VudHJhbDEvZGVsZXRlVXNlci9sMUwtcGVuVUtRaw [none]
[debug] [2022-11-01T17:45:43.487Z] <<< [apiv2][status] GET https://cloudfunctions.googleapis.com/v1/operations/bWltaS1wbGFuLXRlc3QvdXMtY2VudHJhbDEvZGVsZXRlVXNlci9sMUwtcGVuVUtRaw 200
[debug] [2022-11-01T17:45:43.488Z] <<< [apiv2][body] GET https://cloudfunctions.googleapis.com/v1/operations/bWltaS1wbGFuLXRlc3QvdXMtY2VudHJhbDEvZGVsZXRlVXNlci9sMUwtcGVuVUtRaw {"name":"operations/bWltaS1wbGFuLXRlc3QvdXMtY2VudHJhbDEvZGVsZXRlVXNlci9sMUwtcGVuVUtRaw","metadata":{"@type":"type.googleapis.com/google.cloud.functions.v1.OperationMetadataV1","target":"projects/mimi-plan-test/locations/us-central1/functions/deleteUser","type":"UPDATE_FUNCTION","request":{"@type":"type.googleapis.com/google.cloud.functions.v1.CloudFunction","name":"projects/mimi-plan-test/locations/us-central1/functions/deleteUser","httpsTrigger":{"url":"https://us-central1-mimi-plan-test.cloudfunctions.net/deleteUser","securityLevel":"SECURE_ALWAYS"},"status":"ACTIVE","entryPoint":"deleteUser","updateTime":"2022-11-01T17:23:17.861Z","versionId":"2","labels":{"deployment-tool":"cli-firebase","deployment-callable":"true","firebase-functions-hash":"6b48704e00b5a162546390d39eeac1a937c9a431"},"sourceUploadUrl":"https://storage.googleapis.com/uploads-113041438867.us-central1.cloudfunctions.appspot.com/0aca5661-af25-4945-a461-fd8aece30d86.zip?GoogleAccessId=service-752899782545@gcf-admin-robot.iam.gserviceaccount.com&Expires=1667326488&Signature=qVbuJ78tpx2ZhwpAu4oKhdn8yiXAZnSDI%2FA%2FK0dPi2xgNaherFyLJhbjc3x7VBDJqkKnMip2pj2XxE9zoQXomuOtuk3ZZwTOJtd045WAfMy6aUx3XnL6n0gRNaYOnUi8XRSurfsZi4fGljit5upAj8uPbf20JPXch18unwcFSgPZuFpwfaQvnEXhuQ2q2PZfDZyK%2F5RvgaS8GlAqoY9gxpVZHEws5pwH7jxIlnqgVg63Q9xZ3lhHhn0ULwDScHNhqrW3Zb3EnSjt18jBkl9C41%2F7dJr2XT6IbZylgaUY4rFilDvftDDWnqPRwkafS7uaF5RTK2xd6ttfaMe1LOOuYg%3D%3D","environmentVariables":{"FIREBASE_CONFIG":"{\"projectId\":\"mimi-plan-test\",\"storageBucket\":\"mimi-plan-test.appspot.com\",\"locationId\":\"us-central\"}","GCLOUD_PROJECT":"mimi-plan-test"},"runtime":"nodejs16","buildId":"14d8ce14-4224-4053-8227-5961bad2560e","buildName":"projects/752899782545/locations/us-central1/builds/14d8ce14-4224-4053-8227-5961bad2560e","dockerRegistry":"ARTIFACT_REGISTRY"},"versionId":"3","updateTime":"2022-11-01T17:44:52Z","buildId":"ce1faaf5-473e-4f35-aeaa-fde9ce14ebc8","buildName":"projects/752899782545/locations/us-central1/builds/ce1faaf5-473e-4f35-aeaa-fde9ce14ebc8"}}
[debug] [2022-11-01T17:45:53.494Z] [update-default-us-central1-deleteUser] Retrying task index 0
[debug] [2022-11-01T17:45:53.495Z] >>> [apiv2][query] GET https://cloudfunctions.googleapis.com/v1/operations/bWltaS1wbGFuLXRlc3QvdXMtY2VudHJhbDEvZGVsZXRlVXNlci9sMUwtcGVuVUtRaw [none]
[debug] [2022-11-01T17:45:54.065Z] <<< [apiv2][status] GET https://cloudfunctions.googleapis.com/v1/operations/bWltaS1wbGFuLXRlc3QvdXMtY2VudHJhbDEvZGVsZXRlVXNlci9sMUwtcGVuVUtRaw 200
[debug] [2022-11-01T17:45:54.071Z] <<< [apiv2][body] GET https://cloudfunctions.googleapis.com/v1/operations/bWltaS1wbGFuLXRlc3QvdXMtY2VudHJhbDEvZGVsZXRlVXNlci9sMUwtcGVuVUtRaw {"name":"operations/bWltaS1wbGFuLXRlc3QvdXMtY2VudHJhbDEvZGVsZXRlVXNlci9sMUwtcGVuVUtRaw","metadata":{"@type":"type.googleapis.com/google.cloud.functions.v1.OperationMetadataV1","target":"projects/mimi-plan-test/locations/us-central1/functions/deleteUser","type":"UPDATE_FUNCTION","request":{"@type":"type.googleapis.com/google.cloud.functions.v1.CloudFunction","name":"projects/mimi-plan-test/locations/us-central1/functions/deleteUser","httpsTrigger":{"url":"https://us-central1-mimi-plan-test.cloudfunctions.net/deleteUser","securityLevel":"SECURE_ALWAYS"},"status":"ACTIVE","entryPoint":"deleteUser","updateTime":"2022-11-01T17:23:17.861Z","versionId":"2","labels":{"deployment-tool":"cli-firebase","deployment-callable":"true","firebase-functions-hash":"6b48704e00b5a162546390d39eeac1a937c9a431"},"sourceUploadUrl":"https://storage.googleapis.com/uploads-113041438867.us-central1.cloudfunctions.appspot.com/0aca5661-af25-4945-a461-fd8aece30d86.zip?GoogleAccessId=service-752899782545@gcf-admin-robot.iam.gserviceaccount.com&Expires=1667326488&Signature=qVbuJ78tpx2ZhwpAu4oKhdn8yiXAZnSDI%2FA%2FK0dPi2xgNaherFyLJhbjc3x7VBDJqkKnMip2pj2XxE9zoQXomuOtuk3ZZwTOJtd045WAfMy6aUx3XnL6n0gRNaYOnUi8XRSurfsZi4fGljit5upAj8uPbf20JPXch18unwcFSgPZuFpwfaQvnEXhuQ2q2PZfDZyK%2F5RvgaS8GlAqoY9gxpVZHEws5pwH7jxIlnqgVg63Q9xZ3lhHhn0ULwDScHNhqrW3Zb3EnSjt18jBkl9C41%2F7dJr2XT6IbZylgaUY4rFilDvftDDWnqPRwkafS7uaF5RTK2xd6ttfaMe1LOOuYg%3D%3D","environmentVariables":{"FIREBASE_CONFIG":"{\"projectId\":\"mimi-plan-test\",\"storageBucket\":\"mimi-plan-test.appspot.com\",\"locationId\":\"us-central\"}","GCLOUD_PROJECT":"mimi-plan-test"},"runtime":"nodejs16","buildId":"14d8ce14-4224-4053-8227-5961bad2560e","buildName":"projects/752899782545/locations/us-central1/builds/14d8ce14-4224-4053-8227-5961bad2560e","dockerRegistry":"ARTIFACT_REGISTRY"},"versionId":"3","updateTime":"2022-11-01T17:44:52Z","buildId":"ce1faaf5-473e-4f35-aeaa-fde9ce14ebc8","buildName":"projects/752899782545/locations/us-central1/builds/ce1faaf5-473e-4f35-aeaa-fde9ce14ebc8"}}
[debug] [2022-11-01T17:46:04.088Z] [update-default-us-central1-deleteUser] Retrying task index 0
[debug] [2022-11-01T17:46:04.089Z] >>> [apiv2][query] GET https://cloudfunctions.googleapis.com/v1/operations/bWltaS1wbGFuLXRlc3QvdXMtY2VudHJhbDEvZGVsZXRlVXNlci9sMUwtcGVuVUtRaw [none]
[debug] [2022-11-01T17:46:04.663Z] <<< [apiv2][status] GET https://cloudfunctions.googleapis.com/v1/operations/bWltaS1wbGFuLXRlc3QvdXMtY2VudHJhbDEvZGVsZXRlVXNlci9sMUwtcGVuVUtRaw 200
[debug] [2022-11-01T17:46:04.663Z] <<< [apiv2][body] GET https://cloudfunctions.googleapis.com/v1/operations/bWltaS1wbGFuLXRlc3QvdXMtY2VudHJhbDEvZGVsZXRlVXNlci9sMUwtcGVuVUtRaw {"name":"operations/bWltaS1wbGFuLXRlc3QvdXMtY2VudHJhbDEvZGVsZXRlVXNlci9sMUwtcGVuVUtRaw","metadata":{"@type":"type.googleapis.com/google.cloud.functions.v1.OperationMetadataV1","target":"projects/mimi-plan-test/locations/us-central1/functions/deleteUser","type":"UPDATE_FUNCTION","request":{"@type":"type.googleapis.com/google.cloud.functions.v1.CloudFunction","name":"projects/mimi-plan-test/locations/us-central1/functions/deleteUser","httpsTrigger":{"url":"https://us-central1-mimi-plan-test.cloudfunctions.net/deleteUser","securityLevel":"SECURE_ALWAYS"},"status":"ACTIVE","entryPoint":"deleteUser","updateTime":"2022-11-01T17:23:17.861Z","versionId":"2","labels":{"deployment-tool":"cli-firebase","deployment-callable":"true","firebase-functions-hash":"6b48704e00b5a162546390d39eeac1a937c9a431"},"sourceUploadUrl":"https://storage.googleapis.com/uploads-113041438867.us-central1.cloudfunctions.appspot.com/0aca5661-af25-4945-a461-fd8aece30d86.zip?GoogleAccessId=service-752899782545@gcf-admin-robot.iam.gserviceaccount.com&Expires=1667326488&Signature=qVbuJ78tpx2ZhwpAu4oKhdn8yiXAZnSDI%2FA%2FK0dPi2xgNaherFyLJhbjc3x7VBDJqkKnMip2pj2XxE9zoQXomuOtuk3ZZwTOJtd045WAfMy6aUx3XnL6n0gRNaYOnUi8XRSurfsZi4fGljit5upAj8uPbf20JPXch18unwcFSgPZuFpwfaQvnEXhuQ2q2PZfDZyK%2F5RvgaS8GlAqoY9gxpVZHEws5pwH7jxIlnqgVg63Q9xZ3lhHhn0ULwDScHNhqrW3Zb3EnSjt18jBkl9C41%2F7dJr2XT6IbZylgaUY4rFilDvftDDWnqPRwkafS7uaF5RTK2xd6ttfaMe1LOOuYg%3D%3D","environmentVariables":{"FIREBASE_CONFIG":"{\"projectId\":\"mimi-plan-test\",\"storageBucket\":\"mimi-plan-test.appspot.com\",\"locationId\":\"us-central\"}","GCLOUD_PROJECT":"mimi-plan-test"},"runtime":"nodejs16","buildId":"14d8ce14-4224-4053-8227-5961bad2560e","buildName":"projects/752899782545/locations/us-central1/builds/14d8ce14-4224-4053-8227-5961bad2560e","dockerRegistry":"ARTIFACT_REGISTRY"},"versionId":"3","updateTime":"2022-11-01T17:44:52Z","buildId":"ce1faaf5-473e-4f35-aeaa-fde9ce14ebc8","buildName":"projects/752899782545/locations/us-central1/builds/ce1faaf5-473e-4f35-aeaa-fde9ce14ebc8"}}
[debug] [2022-11-01T17:46:14.666Z] [update-default-us-central1-deleteUser] Retrying task index 0
[debug] [2022-11-01T17:46:14.667Z] >>> [apiv2][query] GET https://cloudfunctions.googleapis.com/v1/operations/bWltaS1wbGFuLXRlc3QvdXMtY2VudHJhbDEvZGVsZXRlVXNlci9sMUwtcGVuVUtRaw [none]
[debug] [2022-11-01T17:46:15.489Z] <<< [apiv2][status] GET https://cloudfunctions.googleapis.com/v1/operations/bWltaS1wbGFuLXRlc3QvdXMtY2VudHJhbDEvZGVsZXRlVXNlci9sMUwtcGVuVUtRaw 200
[debug] [2022-11-01T17:46:15.490Z] <<< [apiv2][body] GET https://cloudfunctions.googleapis.com/v1/operations/bWltaS1wbGFuLXRlc3QvdXMtY2VudHJhbDEvZGVsZXRlVXNlci9sMUwtcGVuVUtRaw {"name":"operations/bWltaS1wbGFuLXRlc3QvdXMtY2VudHJhbDEvZGVsZXRlVXNlci9sMUwtcGVuVUtRaw","metadata":{"@type":"type.googleapis.com/google.cloud.functions.v1.OperationMetadataV1","target":"projects/mimi-plan-test/locations/us-central1/functions/deleteUser","type":"UPDATE_FUNCTION","request":{"@type":"type.googleapis.com/google.cloud.functions.v1.CloudFunction","name":"projects/mimi-plan-test/locations/us-central1/functions/deleteUser","httpsTrigger":{"url":"https://us-central1-mimi-plan-test.cloudfunctions.net/deleteUser","securityLevel":"SECURE_ALWAYS"},"status":"ACTIVE","entryPoint":"deleteUser","updateTime":"2022-11-01T17:23:17.861Z","versionId":"2","labels":{"deployment-tool":"cli-firebase","deployment-callable":"true","firebase-functions-hash":"6b48704e00b5a162546390d39eeac1a937c9a431"},"sourceUploadUrl":"https://storage.googleapis.com/uploads-113041438867.us-central1.cloudfunctions.appspot.com/0aca5661-af25-4945-a461-fd8aece30d86.zip?GoogleAccessId=service-752899782545@gcf-admin-robot.iam.gserviceaccount.com&Expires=1667326488&Signature=qVbuJ78tpx2ZhwpAu4oKhdn8yiXAZnSDI%2FA%2FK0dPi2xgNaherFyLJhbjc3x7VBDJqkKnMip2pj2XxE9zoQXomuOtuk3ZZwTOJtd045WAfMy6aUx3XnL6n0gRNaYOnUi8XRSurfsZi4fGljit5upAj8uPbf20JPXch18unwcFSgPZuFpwfaQvnEXhuQ2q2PZfDZyK%2F5RvgaS8GlAqoY9gxpVZHEws5pwH7jxIlnqgVg63Q9xZ3lhHhn0ULwDScHNhqrW3Zb3EnSjt18jBkl9C41%2F7dJr2XT6IbZylgaUY4rFilDvftDDWnqPRwkafS7uaF5RTK2xd6ttfaMe1LOOuYg%3D%3D","environmentVariables":{"FIREBASE_CONFIG":"{\"projectId\":\"mimi-plan-test\",\"storageBucket\":\"mimi-plan-test.appspot.com\",\"locationId\":\"us-central\"}","GCLOUD_PROJECT":"mimi-plan-test"},"runtime":"nodejs16","buildId":"14d8ce14-4224-4053-8227-5961bad2560e","buildName":"projects/752899782545/locations/us-central1/builds/14d8ce14-4224-4053-8227-5961bad2560e","dockerRegistry":"ARTIFACT_REGISTRY"},"versionId":"3","updateTime":"2022-11-01T17:44:52Z","buildId":"ce1faaf5-473e-4f35-aeaa-fde9ce14ebc8","sourceToken":"4e245c67-f85f-4564-8e76-8a2ae9226b38","buildName":"projects/752899782545/locations/us-central1/builds/ce1faaf5-473e-4f35-aeaa-fde9ce14ebc8"}}
[debug] [2022-11-01T17:46:15.490Z] Got source token 4e245c67-f85f-4564-8e76-8a2ae9226b38 for region us-central1
[debug] [2022-11-01T17:46:15.492Z] >>> [apiv2][query] PATCH https://cloudfunctions.googleapis.com/v1/projects/mimi-plan-test/locations/us-central1/functions/disableRoutePlan updateMask=name%2CsourceUploadUrl%2CentryPoint%2Cruntime%2CdockerRegistry%2Clabels%2ChttpsTrigger.securityLevel%2CminInstances%2CmaxInstances%2CingressSettings%2CenvironmentVariables%2CserviceAccountEmail%2CavailableMemoryMb%2Ctimeout%2CvpcConnector%2CvpcConnectorEgressSettings%2CsourceToken
[debug] [2022-11-01T17:46:15.493Z] >>> [apiv2][body] PATCH https://cloudfunctions.googleapis.com/v1/projects/mimi-plan-test/locations/us-central1/functions/disableRoutePlan {"name":"projects/mimi-plan-test/locations/us-central1/functions/disableRoutePlan","sourceUploadUrl":"https://storage.googleapis.com/uploads-113041438867.us-central1.cloudfunctions.appspot.com/0aca5661-af25-4945-a461-fd8aece30d86.zip?GoogleAccessId=service-752899782545@gcf-admin-robot.iam.gserviceaccount.com&Expires=1667326488&Signature=qVbuJ78tpx2ZhwpAu4oKhdn8yiXAZnSDI%2FA%2FK0dPi2xgNaherFyLJhbjc3x7VBDJqkKnMip2pj2XxE9zoQXomuOtuk3ZZwTOJtd045WAfMy6aUx3XnL6n0gRNaYOnUi8XRSurfsZi4fGljit5upAj8uPbf20JPXch18unwcFSgPZuFpwfaQvnEXhuQ2q2PZfDZyK%2F5RvgaS8GlAqoY9gxpVZHEws5pwH7jxIlnqgVg63Q9xZ3lhHhn0ULwDScHNhqrW3Zb3EnSjt18jBkl9C41%2F7dJr2XT6IbZylgaUY4rFilDvftDDWnqPRwkafS7uaF5RTK2xd6ttfaMe1LOOuYg%3D%3D","entryPoint":"disableRoutePlan","runtime":"nodejs16","dockerRegistry":"ARTIFACT_REGISTRY","labels":{"deployment-tool":"cli-firebase","deployment-callable":"true","firebase-functions-hash":"6b48704e00b5a162546390d39eeac1a937c9a431"},"httpsTrigger":{"securityLevel":"SECURE_ALWAYS"},"minInstances":null,"maxInstances":null,"ingressSettings":null,"environmentVariables":{"FIREBASE_CONFIG":"{\"projectId\":\"mimi-plan-test\",\"storageBucket\":\"mimi-plan-test.appspot.com\",\"locationId\":\"us-central\"}","GCLOUD_PROJECT":"mimi-plan-test"},"serviceAccountEmail":null,"availableMemoryMb":null,"timeout":null,"vpcConnector":null,"vpcConnectorEgressSettings":null,"sourceToken":"4e245c67-f85f-4564-8e76-8a2ae9226b38"}
[debug] [2022-11-01T17:46:16.366Z] <<< [apiv2][status] PATCH https://cloudfunctions.googleapis.com/v1/projects/mimi-plan-test/locations/us-central1/functions/disableRoutePlan 200
[debug] [2022-11-01T17:46:16.366Z] <<< [apiv2][body] PATCH https://cloudfunctions.googleapis.com/v1/projects/mimi-plan-test/locations/us-central1/functions/disableRoutePlan {"name":"operations/bWltaS1wbGFuLXRlc3QvdXMtY2VudHJhbDEvZGlzYWJsZVJvdXRlUGxhbi9VMmxPeDI3RVpjOA","metadata":{"@type":"type.googleapis.com/google.cloud.functions.v1.OperationMetadataV1","target":"projects/mimi-plan-test/locations/us-central1/functions/disableRoutePlan","type":"UPDATE_FUNCTION","request":{"@type":"type.googleapis.com/google.cloud.functions.v1.CloudFunction","name":"projects/mimi-plan-test/locations/us-central1/functions/disableRoutePlan","httpsTrigger":{"url":"https://us-central1-mimi-plan-test.cloudfunctions.net/disableRoutePlan","securityLevel":"SECURE_ALWAYS"},"status":"ACTIVE","entryPoint":"disableRoutePlan","updateTime":"2022-11-01T17:23:05.207Z","versionId":"1","labels":{"deployment-tool":"cli-firebase","deployment-callable":"true","firebase-functions-hash":"6b48704e00b5a162546390d39eeac1a937c9a431"},"sourceUploadUrl":"https://storage.googleapis.com/uploads-113041438867.us-central1.cloudfunctions.appspot.com/0aca5661-af25-4945-a461-fd8aece30d86.zip?GoogleAccessId=service-752899782545@gcf-admin-robot.iam.gserviceaccount.com&Expires=1667326488&Signature=qVbuJ78tpx2ZhwpAu4oKhdn8yiXAZnSDI%2FA%2FK0dPi2xgNaherFyLJhbjc3x7VBDJqkKnMip2pj2XxE9zoQXomuOtuk3ZZwTOJtd045WAfMy6aUx3XnL6n0gRNaYOnUi8XRSurfsZi4fGljit5upAj8uPbf20JPXch18unwcFSgPZuFpwfaQvnEXhuQ2q2PZfDZyK%2F5RvgaS8GlAqoY9gxpVZHEws5pwH7jxIlnqgVg63Q9xZ3lhHhn0ULwDScHNhqrW3Zb3EnSjt18jBkl9C41%2F7dJr2XT6IbZylgaUY4rFilDvftDDWnqPRwkafS7uaF5RTK2xd6ttfaMe1LOOuYg%3D%3D","environmentVariables":{"FIREBASE_CONFIG":"{\"projectId\":\"mimi-plan-test\",\"storageBucket\":\"mimi-plan-test.appspot.com\",\"locationId\":\"us-central\"}","GCLOUD_PROJECT":"mimi-plan-test"},"runtime":"nodejs16","buildId":"14d8ce14-4224-4053-8227-5961bad2560e","sourceToken":"4e245c67-f85f-4564-8e76-8a2ae9226b38","buildName":"projects/752899782545/locations/us-central1/builds/14d8ce14-4224-4053-8227-5961bad2560e","dockerRegistry":"ARTIFACT_REGISTRY"},"versionId":"2","updateTime":"2022-11-01T17:46:15Z","sourceToken":"4e245c67-f85f-4564-8e76-8a2ae9226b38"}}
[debug] [2022-11-01T17:46:16.367Z] >>> [apiv2][query] GET https://cloudfunctions.googleapis.com/v1/operations/bWltaS1wbGFuLXRlc3QvdXMtY2VudHJhbDEvZGlzYWJsZVJvdXRlUGxhbi9VMmxPeDI3RVpjOA [none]
[debug] [2022-11-01T17:46:16.939Z] <<< [apiv2][status] GET https://cloudfunctions.googleapis.com/v1/operations/bWltaS1wbGFuLXRlc3QvdXMtY2VudHJhbDEvZGlzYWJsZVJvdXRlUGxhbi9VMmxPeDI3RVpjOA 200
[debug] [2022-11-01T17:46:16.940Z] <<< [apiv2][body] GET https://cloudfunctions.googleapis.com/v1/operations/bWltaS1wbGFuLXRlc3QvdXMtY2VudHJhbDEvZGlzYWJsZVJvdXRlUGxhbi9VMmxPeDI3RVpjOA {"name":"operations/bWltaS1wbGFuLXRlc3QvdXMtY2VudHJhbDEvZGlzYWJsZVJvdXRlUGxhbi9VMmxPeDI3RVpjOA","metadata":{"@type":"type.googleapis.com/google.cloud.functions.v1.OperationMetadataV1","target":"projects/mimi-plan-test/locations/us-central1/functions/disableRoutePlan","type":"UPDATE_FUNCTION","request":{"@type":"type.googleapis.com/google.cloud.functions.v1.CloudFunction","name":"projects/mimi-plan-test/locations/us-central1/functions/disableRoutePlan","httpsTrigger":{"url":"https://us-central1-mimi-plan-test.cloudfunctions.net/disableRoutePlan","securityLevel":"SECURE_ALWAYS"},"status":"ACTIVE","entryPoint":"disableRoutePlan","updateTime":"2022-11-01T17:23:05.207Z","versionId":"1","labels":{"deployment-tool":"cli-firebase","deployment-callable":"true","firebase-functions-hash":"6b48704e00b5a162546390d39eeac1a937c9a431"},"sourceUploadUrl":"https://storage.googleapis.com/uploads-113041438867.us-central1.cloudfunctions.appspot.com/0aca5661-af25-4945-a461-fd8aece30d86.zip?GoogleAccessId=service-752899782545@gcf-admin-robot.iam.gserviceaccount.com&Expires=1667326488&Signature=qVbuJ78tpx2ZhwpAu4oKhdn8yiXAZnSDI%2FA%2FK0dPi2xgNaherFyLJhbjc3x7VBDJqkKnMip2pj2XxE9zoQXomuOtuk3ZZwTOJtd045WAfMy6aUx3XnL6n0gRNaYOnUi8XRSurfsZi4fGljit5upAj8uPbf20JPXch18unwcFSgPZuFpwfaQvnEXhuQ2q2PZfDZyK%2F5RvgaS8GlAqoY9gxpVZHEws5pwH7jxIlnqgVg63Q9xZ3lhHhn0ULwDScHNhqrW3Zb3EnSjt18jBkl9C41%2F7dJr2XT6IbZylgaUY4rFilDvftDDWnqPRwkafS7uaF5RTK2xd6ttfaMe1LOOuYg%3D%3D","environmentVariables":{"FIREBASE_CONFIG":"{\"projectId\":\"mimi-plan-test\",\"storageBucket\":\"mimi-plan-test.appspot.com\",\"locationId\":\"us-central\"}","GCLOUD_PROJECT":"mimi-plan-test"},"runtime":"nodejs16","buildId":"14d8ce14-4224-4053-8227-5961bad2560e","sourceToken":"4e245c67-f85f-4564-8e76-8a2ae9226b38","buildName":"projects/752899782545/locations/us-central1/builds/14d8ce14-4224-4053-8227-5961bad2560e","dockerRegistry":"ARTIFACT_REGISTRY"},"versionId":"2","updateTime":"2022-11-01T17:46:15Z","sourceToken":"4e245c67-f85f-4564-8e76-8a2ae9226b38"}}
[debug] [2022-11-01T17:46:16.940Z] Got source token 4e245c67-f85f-4564-8e76-8a2ae9226b38 for region us-central1
[debug] [2022-11-01T17:46:17.448Z] [update-default-us-central1-disableRoutePlan] Retrying task index 0
[debug] [2022-11-01T17:46:17.449Z] >>> [apiv2][query] GET https://cloudfunctions.googleapis.com/v1/operations/bWltaS1wbGFuLXRlc3QvdXMtY2VudHJhbDEvZGlzYWJsZVJvdXRlUGxhbi9VMmxPeDI3RVpjOA [none]
[debug] [2022-11-01T17:46:18.269Z] <<< [apiv2][status] GET https://cloudfunctions.googleapis.com/v1/operations/bWltaS1wbGFuLXRlc3QvdXMtY2VudHJhbDEvZGlzYWJsZVJvdXRlUGxhbi9VMmxPeDI3RVpjOA 200
[debug] [2022-11-01T17:46:18.270Z] <<< [apiv2][body] GET https://cloudfunctions.googleapis.com/v1/operations/bWltaS1wbGFuLXRlc3QvdXMtY2VudHJhbDEvZGlzYWJsZVJvdXRlUGxhbi9VMmxPeDI3RVpjOA {"name":"operations/bWltaS1wbGFuLXRlc3QvdXMtY2VudHJhbDEvZGlzYWJsZVJvdXRlUGxhbi9VMmxPeDI3RVpjOA","metadata":{"@type":"type.googleapis.com/google.cloud.functions.v1.OperationMetadataV1","target":"projects/mimi-plan-test/locations/us-central1/functions/disableRoutePlan","type":"UPDATE_FUNCTION","request":{"@type":"type.googleapis.com/google.cloud.functions.v1.CloudFunction","name":"projects/mimi-plan-test/locations/us-central1/functions/disableRoutePlan","httpsTrigger":{"url":"https://us-central1-mimi-plan-test.cloudfunctions.net/disableRoutePlan","securityLevel":"SECURE_ALWAYS"},"status":"ACTIVE","entryPoint":"disableRoutePlan","updateTime":"2022-11-01T17:23:05.207Z","versionId":"1","labels":{"deployment-tool":"cli-firebase","deployment-callable":"true","firebase-functions-hash":"6b48704e00b5a162546390d39eeac1a937c9a431"},"sourceUploadUrl":"https://storage.googleapis.com/uploads-113041438867.us-central1.cloudfunctions.appspot.com/0aca5661-af25-4945-a461-fd8aece30d86.zip?GoogleAccessId=service-752899782545@gcf-admin-robot.iam.gserviceaccount.com&Expires=1667326488&Signature=qVbuJ78tpx2ZhwpAu4oKhdn8yiXAZnSDI%2FA%2FK0dPi2xgNaherFyLJhbjc3x7VBDJqkKnMip2pj2XxE9zoQXomuOtuk3ZZwTOJtd045WAfMy6aUx3XnL6n0gRNaYOnUi8XRSurfsZi4fGljit5upAj8uPbf20JPXch18unwcFSgPZuFpwfaQvnEXhuQ2q2PZfDZyK%2F5RvgaS8GlAqoY9gxpVZHEws5pwH7jxIlnqgVg63Q9xZ3lhHhn0ULwDScHNhqrW3Zb3EnSjt18jBkl9C41%2F7dJr2XT6IbZylgaUY4rFilDvftDDWnqPRwkafS7uaF5RTK2xd6ttfaMe1LOOuYg%3D%3D","environmentVariables":{"FIREBASE_CONFIG":"{\"projectId\":\"mimi-plan-test\",\"storageBucket\":\"mimi-plan-test.appspot.com\",\"locationId\":\"us-central\"}","GCLOUD_PROJECT":"mimi-plan-test"},"runtime":"nodejs16","buildId":"14d8ce14-4224-4053-8227-5961bad2560e","sourceToken":"4e245c67-f85f-4564-8e76-8a2ae9226b38","buildName":"projects/752899782545/locations/us-central1/builds/14d8ce14-4224-4053-8227-5961bad2560e","dockerRegistry":"ARTIFACT_REGISTRY"},"versionId":"2","updateTime":"2022-11-01T17:46:15Z","sourceToken":"4e245c67-f85f-4564-8e76-8a2ae9226b38"}}
[debug] [2022-11-01T17:46:18.270Z] Got source token 4e245c67-f85f-4564-8e76-8a2ae9226b38 for region us-central1
[debug] [2022-11-01T17:46:19.288Z] [update-default-us-central1-disableRoutePlan] Retrying task index 0
[debug] [2022-11-01T17:46:19.289Z] >>> [apiv2][query] GET https://cloudfunctions.googleapis.com/v1/operations/bWltaS1wbGFuLXRlc3QvdXMtY2VudHJhbDEvZGlzYWJsZVJvdXRlUGxhbi9VMmxPeDI3RVpjOA [none]
[debug] [2022-11-01T17:46:19.863Z] <<< [apiv2][status] GET https://cloudfunctions.googleapis.com/v1/operations/bWltaS1wbGFuLXRlc3QvdXMtY2VudHJhbDEvZGlzYWJsZVJvdXRlUGxhbi9VMmxPeDI3RVpjOA 200
[debug] [2022-11-01T17:46:19.863Z] <<< [apiv2][body] GET https://cloudfunctions.googleapis.com/v1/operations/bWltaS1wbGFuLXRlc3QvdXMtY2VudHJhbDEvZGlzYWJsZVJvdXRlUGxhbi9VMmxPeDI3RVpjOA {"name":"operations/bWltaS1wbGFuLXRlc3QvdXMtY2VudHJhbDEvZGlzYWJsZVJvdXRlUGxhbi9VMmxPeDI3RVpjOA","metadata":{"@type":"type.googleapis.com/google.cloud.functions.v1.OperationMetadataV1","target":"projects/mimi-plan-test/locations/us-central1/functions/disableRoutePlan","type":"UPDATE_FUNCTION","request":{"@type":"type.googleapis.com/google.cloud.functions.v1.CloudFunction","name":"projects/mimi-plan-test/locations/us-central1/functions/disableRoutePlan","httpsTrigger":{"url":"https://us-central1-mimi-plan-test.cloudfunctions.net/disableRoutePlan","securityLevel":"SECURE_ALWAYS"},"status":"ACTIVE","entryPoint":"disableRoutePlan","updateTime":"2022-11-01T17:23:05.207Z","versionId":"1","labels":{"deployment-tool":"cli-firebase","deployment-callable":"true","firebase-functions-hash":"6b48704e00b5a162546390d39eeac1a937c9a431"},"sourceUploadUrl":"https://storage.googleapis.com/uploads-113041438867.us-central1.cloudfunctions.appspot.com/0aca5661-af25-4945-a461-fd8aece30d86.zip?GoogleAccessId=service-752899782545@gcf-admin-robot.iam.gserviceaccount.com&Expires=1667326488&Signature=qVbuJ78tpx2ZhwpAu4oKhdn8yiXAZnSDI%2FA%2FK0dPi2xgNaherFyLJhbjc3x7VBDJqkKnMip2pj2XxE9zoQXomuOtuk3ZZwTOJtd045WAfMy6aUx3XnL6n0gRNaYOnUi8XRSurfsZi4fGljit5upAj8uPbf20JPXch18unwcFSgPZuFpwfaQvnEXhuQ2q2PZfDZyK%2F5RvgaS8GlAqoY9gxpVZHEws5pwH7jxIlnqgVg63Q9xZ3lhHhn0ULwDScHNhqrW3Zb3EnSjt18jBkl9C41%2F7dJr2XT6IbZylgaUY4rFilDvftDDWnqPRwkafS7uaF5RTK2xd6ttfaMe1LOOuYg%3D%3D","environmentVariables":{"FIREBASE_CONFIG":"{\"projectId\":\"mimi-plan-test\",\"storageBucket\":\"mimi-plan-test.appspot.com\",\"locationId\":\"us-central\"}","GCLOUD_PROJECT":"mimi-plan-test"},"runtime":"nodejs16","buildId":"14d8ce14-4224-4053-8227-5961bad2560e","sourceToken":"4e245c67-f85f-4564-8e76-8a2ae9226b38","buildName":"projects/752899782545/locations/us-central1/builds/14d8ce14-4224-4053-8227-5961bad2560e","dockerRegistry":"ARTIFACT_REGISTRY"},"versionId":"2","updateTime":"2022-11-01T17:46:15Z","sourceToken":"4e245c67-f85f-4564-8e76-8a2ae9226b38"}}
[debug] [2022-11-01T17:46:19.864Z] Got source token 4e245c67-f85f-4564-8e76-8a2ae9226b38 for region us-central1
[debug] [2022-11-01T17:46:21.869Z] [update-default-us-central1-disableRoutePlan] Retrying task index 0
[debug] [2022-11-01T17:46:21.870Z] >>> [apiv2][query] GET https://cloudfunctions.googleapis.com/v1/operations/bWltaS1wbGFuLXRlc3QvdXMtY2VudHJhbDEvZGlzYWJsZVJvdXRlUGxhbi9VMmxPeDI3RVpjOA [none]
[debug] [2022-11-01T17:46:22.468Z] <<< [apiv2][status] GET https://cloudfunctions.googleapis.com/v1/operations/bWltaS1wbGFuLXRlc3QvdXMtY2VudHJhbDEvZGlzYWJsZVJvdXRlUGxhbi9VMmxPeDI3RVpjOA 200
[debug] [2022-11-01T17:46:22.469Z] <<< [apiv2][body] GET https://cloudfunctions.googleapis.com/v1/operations/bWltaS1wbGFuLXRlc3QvdXMtY2VudHJhbDEvZGlzYWJsZVJvdXRlUGxhbi9VMmxPeDI3RVpjOA {"name":"operations/bWltaS1wbGFuLXRlc3QvdXMtY2VudHJhbDEvZGlzYWJsZVJvdXRlUGxhbi9VMmxPeDI3RVpjOA","metadata":{"@type":"type.googleapis.com/google.cloud.functions.v1.OperationMetadataV1","target":"projects/mimi-plan-test/locations/us-central1/functions/disableRoutePlan","type":"UPDATE_FUNCTION","request":{"@type":"type.googleapis.com/google.cloud.functions.v1.CloudFunction","name":"projects/mimi-plan-test/locations/us-central1/functions/disableRoutePlan","httpsTrigger":{"url":"https://us-central1-mimi-plan-test.cloudfunctions.net/disableRoutePlan","securityLevel":"SECURE_ALWAYS"},"status":"ACTIVE","entryPoint":"disableRoutePlan","updateTime":"2022-11-01T17:23:05.207Z","versionId":"1","labels":{"deployment-tool":"cli-firebase","deployment-callable":"true","firebase-functions-hash":"6b48704e00b5a162546390d39eeac1a937c9a431"},"sourceUploadUrl":"https://storage.googleapis.com/uploads-113041438867.us-central1.cloudfunctions.appspot.com/0aca5661-af25-4945-a461-fd8aece30d86.zip?GoogleAccessId=service-752899782545@gcf-admin-robot.iam.gserviceaccount.com&Expires=1667326488&Signature=qVbuJ78tpx2ZhwpAu4oKhdn8yiXAZnSDI%2FA%2FK0dPi2xgNaherFyLJhbjc3x7VBDJqkKnMip2pj2XxE9zoQXomuOtuk3ZZwTOJtd045WAfMy6aUx3XnL6n0gRNaYOnUi8XRSurfsZi4fGljit5upAj8uPbf20JPXch18unwcFSgPZuFpwfaQvnEXhuQ2q2PZfDZyK%2F5RvgaS8GlAqoY9gxpVZHEws5pwH7jxIlnqgVg63Q9xZ3lhHhn0ULwDScHNhqrW3Zb3EnSjt18jBkl9C41%2F7dJr2XT6IbZylgaUY4rFilDvftDDWnqPRwkafS7uaF5RTK2xd6ttfaMe1LOOuYg%3D%3D","environmentVariables":{"FIREBASE_CONFIG":"{\"projectId\":\"mimi-plan-test\",\"storageBucket\":\"mimi-plan-test.appspot.com\",\"locationId\":\"us-central\"}","GCLOUD_PROJECT":"mimi-plan-test"},"runtime":"nodejs16","buildId":"14d8ce14-4224-4053-8227-5961bad2560e","sourceToken":"4e245c67-f85f-4564-8e76-8a2ae9226b38","buildName":"projects/752899782545/locations/us-central1/builds/14d8ce14-4224-4053-8227-5961bad2560e","dockerRegistry":"ARTIFACT_REGISTRY"},"versionId":"2","updateTime":"2022-11-01T17:46:15Z","sourceToken":"4e245c67-f85f-4564-8e76-8a2ae9226b38"}}
[debug] [2022-11-01T17:46:22.469Z] Got source token 4e245c67-f85f-4564-8e76-8a2ae9226b38 for region us-central1
[debug] [2022-11-01T17:46:25.495Z] [update-default-us-central1-deleteUser] Retrying task index 0
[debug] [2022-11-01T17:46:25.496Z] >>> [apiv2][query] GET https://cloudfunctions.googleapis.com/v1/operations/bWltaS1wbGFuLXRlc3QvdXMtY2VudHJhbDEvZGVsZXRlVXNlci9sMUwtcGVuVUtRaw [none]
[debug] [2022-11-01T17:46:26.082Z] <<< [apiv2][status] GET https://cloudfunctions.googleapis.com/v1/operations/bWltaS1wbGFuLXRlc3QvdXMtY2VudHJhbDEvZGVsZXRlVXNlci9sMUwtcGVuVUtRaw 200
[debug] [2022-11-01T17:46:26.083Z] <<< [apiv2][body] GET https://cloudfunctions.googleapis.com/v1/operations/bWltaS1wbGFuLXRlc3QvdXMtY2VudHJhbDEvZGVsZXRlVXNlci9sMUwtcGVuVUtRaw {"name":"operations/bWltaS1wbGFuLXRlc3QvdXMtY2VudHJhbDEvZGVsZXRlVXNlci9sMUwtcGVuVUtRaw","metadata":{"@type":"type.googleapis.com/google.cloud.functions.v1.OperationMetadataV1","target":"projects/mimi-plan-test/locations/us-central1/functions/deleteUser","type":"UPDATE_FUNCTION","request":{"@type":"type.googleapis.com/google.cloud.functions.v1.CloudFunction","name":"projects/mimi-plan-test/locations/us-central1/functions/deleteUser","httpsTrigger":{"url":"https://us-central1-mimi-plan-test.cloudfunctions.net/deleteUser","securityLevel":"SECURE_ALWAYS"},"status":"ACTIVE","entryPoint":"deleteUser","updateTime":"2022-11-01T17:23:17.861Z","versionId":"2","labels":{"deployment-tool":"cli-firebase","deployment-callable":"true","firebase-functions-hash":"6b48704e00b5a162546390d39eeac1a937c9a431"},"sourceUploadUrl":"https://storage.googleapis.com/uploads-113041438867.us-central1.cloudfunctions.appspot.com/0aca5661-af25-4945-a461-fd8aece30d86.zip?GoogleAccessId=service-752899782545@gcf-admin-robot.iam.gserviceaccount.com&Expires=1667326488&Signature=qVbuJ78tpx2ZhwpAu4oKhdn8yiXAZnSDI%2FA%2FK0dPi2xgNaherFyLJhbjc3x7VBDJqkKnMip2pj2XxE9zoQXomuOtuk3ZZwTOJtd045WAfMy6aUx3XnL6n0gRNaYOnUi8XRSurfsZi4fGljit5upAj8uPbf20JPXch18unwcFSgPZuFpwfaQvnEXhuQ2q2PZfDZyK%2F5RvgaS8GlAqoY9gxpVZHEws5pwH7jxIlnqgVg63Q9xZ3lhHhn0ULwDScHNhqrW3Zb3EnSjt18jBkl9C41%2F7dJr2XT6IbZylgaUY4rFilDvftDDWnqPRwkafS7uaF5RTK2xd6ttfaMe1LOOuYg%3D%3D","environmentVariables":{"FIREBASE_CONFIG":"{\"projectId\":\"mimi-plan-test\",\"storageBucket\":\"mimi-plan-test.appspot.com\",\"locationId\":\"us-central\"}","GCLOUD_PROJECT":"mimi-plan-test"},"runtime":"nodejs16","buildId":"14d8ce14-4224-4053-8227-5961bad2560e","buildName":"projects/752899782545/locations/us-central1/builds/14d8ce14-4224-4053-8227-5961bad2560e","dockerRegistry":"ARTIFACT_REGISTRY"},"versionId":"3","updateTime":"2022-11-01T17:44:52Z","buildId":"ce1faaf5-473e-4f35-aeaa-fde9ce14ebc8","sourceToken":"4e245c67-f85f-4564-8e76-8a2ae9226b38","buildName":"projects/752899782545/locations/us-central1/builds/ce1faaf5-473e-4f35-aeaa-fde9ce14ebc8"}}
[debug] [2022-11-01T17:46:26.083Z] Got source token 4e245c67-f85f-4564-8e76-8a2ae9226b38 for region us-central1
[debug] [2022-11-01T17:46:26.479Z] [update-default-us-central1-disableRoutePlan] Retrying task index 0
[debug] [2022-11-01T17:46:26.480Z] >>> [apiv2][query] GET https://cloudfunctions.googleapis.com/v1/operations/bWltaS1wbGFuLXRlc3QvdXMtY2VudHJhbDEvZGlzYWJsZVJvdXRlUGxhbi9VMmxPeDI3RVpjOA [none]
[debug] [2022-11-01T17:46:27.276Z] <<< [apiv2][status] GET https://cloudfunctions.googleapis.com/v1/operations/bWltaS1wbGFuLXRlc3QvdXMtY2VudHJhbDEvZGlzYWJsZVJvdXRlUGxhbi9VMmxPeDI3RVpjOA 200
[debug] [2022-11-01T17:46:27.276Z] <<< [apiv2][body] GET https://cloudfunctions.googleapis.com/v1/operations/bWltaS1wbGFuLXRlc3QvdXMtY2VudHJhbDEvZGlzYWJsZVJvdXRlUGxhbi9VMmxPeDI3RVpjOA {"name":"operations/bWltaS1wbGFuLXRlc3QvdXMtY2VudHJhbDEvZGlzYWJsZVJvdXRlUGxhbi9VMmxPeDI3RVpjOA","metadata":{"@type":"type.googleapis.com/google.cloud.functions.v1.OperationMetadataV1","target":"projects/mimi-plan-test/locations/us-central1/functions/disableRoutePlan","type":"UPDATE_FUNCTION","request":{"@type":"type.googleapis.com/google.cloud.functions.v1.CloudFunction","name":"projects/mimi-plan-test/locations/us-central1/functions/disableRoutePlan","httpsTrigger":{"url":"https://us-central1-mimi-plan-test.cloudfunctions.net/disableRoutePlan","securityLevel":"SECURE_ALWAYS"},"status":"ACTIVE","entryPoint":"disableRoutePlan","updateTime":"2022-11-01T17:23:05.207Z","versionId":"1","labels":{"deployment-tool":"cli-firebase","deployment-callable":"true","firebase-functions-hash":"6b48704e00b5a162546390d39eeac1a937c9a431"},"sourceUploadUrl":"https://storage.googleapis.com/uploads-113041438867.us-central1.cloudfunctions.appspot.com/0aca5661-af25-4945-a461-fd8aece30d86.zip?GoogleAccessId=service-752899782545@gcf-admin-robot.iam.gserviceaccount.com&Expires=1667326488&Signature=qVbuJ78tpx2ZhwpAu4oKhdn8yiXAZnSDI%2FA%2FK0dPi2xgNaherFyLJhbjc3x7VBDJqkKnMip2pj2XxE9zoQXomuOtuk3ZZwTOJtd045WAfMy6aUx3XnL6n0gRNaYOnUi8XRSurfsZi4fGljit5upAj8uPbf20JPXch18unwcFSgPZuFpwfaQvnEXhuQ2q2PZfDZyK%2F5RvgaS8GlAqoY9gxpVZHEws5pwH7jxIlnqgVg63Q9xZ3lhHhn0ULwDScHNhqrW3Zb3EnSjt18jBkl9C41%2F7dJr2XT6IbZylgaUY4rFilDvftDDWnqPRwkafS7uaF5RTK2xd6ttfaMe1LOOuYg%3D%3D","environmentVariables":{"FIREBASE_CONFIG":"{\"projectId\":\"mimi-plan-test\",\"storageBucket\":\"mimi-plan-test.appspot.com\",\"locationId\":\"us-central\"}","GCLOUD_PROJECT":"mimi-plan-test"},"runtime":"nodejs16","buildId":"14d8ce14-4224-4053-8227-5961bad2560e","sourceToken":"4e245c67-f85f-4564-8e76-8a2ae9226b38","buildName":"projects/752899782545/locations/us-central1/builds/14d8ce14-4224-4053-8227-5961bad2560e","dockerRegistry":"ARTIFACT_REGISTRY"},"versionId":"2","updateTime":"2022-11-01T17:46:15Z","buildId":"ce1faaf5-473e-4f35-aeaa-fde9ce14ebc8","sourceToken":"4e245c67-f85f-4564-8e76-8a2ae9226b38","buildName":"projects/752899782545/locations/us-central1/builds/ce1faaf5-473e-4f35-aeaa-fde9ce14ebc8"}}
[debug] [2022-11-01T17:46:27.276Z] Got source token 4e245c67-f85f-4564-8e76-8a2ae9226b38 for region us-central1
[debug] [2022-11-01T17:46:35.278Z] [update-default-us-central1-disableRoutePlan] Retrying task index 0
[debug] [2022-11-01T17:46:35.279Z] >>> [apiv2][query] GET https://cloudfunctions.googleapis.com/v1/operations/bWltaS1wbGFuLXRlc3QvdXMtY2VudHJhbDEvZGlzYWJsZVJvdXRlUGxhbi9VMmxPeDI3RVpjOA [none]
[debug] [2022-11-01T17:46:35.914Z] <<< [apiv2][status] GET https://cloudfunctions.googleapis.com/v1/operations/bWltaS1wbGFuLXRlc3QvdXMtY2VudHJhbDEvZGlzYWJsZVJvdXRlUGxhbi9VMmxPeDI3RVpjOA 200
[debug] [2022-11-01T17:46:35.914Z] <<< [apiv2][body] GET https://cloudfunctions.googleapis.com/v1/operations/bWltaS1wbGFuLXRlc3QvdXMtY2VudHJhbDEvZGlzYWJsZVJvdXRlUGxhbi9VMmxPeDI3RVpjOA {"name":"operations/bWltaS1wbGFuLXRlc3QvdXMtY2VudHJhbDEvZGlzYWJsZVJvdXRlUGxhbi9VMmxPeDI3RVpjOA","metadata":{"@type":"type.googleapis.com/google.cloud.functions.v1.OperationMetadataV1","target":"projects/mimi-plan-test/locations/us-central1/functions/disableRoutePlan","type":"UPDATE_FUNCTION","request":{"@type":"type.googleapis.com/google.cloud.functions.v1.CloudFunction","name":"projects/mimi-plan-test/locations/us-central1/functions/disableRoutePlan","httpsTrigger":{"url":"https://us-central1-mimi-plan-test.cloudfunctions.net/disableRoutePlan","securityLevel":"SECURE_ALWAYS"},"status":"ACTIVE","entryPoint":"disableRoutePlan","updateTime":"2022-11-01T17:23:05.207Z","versionId":"1","labels":{"deployment-tool":"cli-firebase","deployment-callable":"true","firebase-functions-hash":"6b48704e00b5a162546390d39eeac1a937c9a431"},"sourceUploadUrl":"https://storage.googleapis.com/uploads-113041438867.us-central1.cloudfunctions.appspot.com/0aca5661-af25-4945-a461-fd8aece30d86.zip?GoogleAccessId=service-752899782545@gcf-admin-robot.iam.gserviceaccount.com&Expires=1667326488&Signature=qVbuJ78tpx2ZhwpAu4oKhdn8yiXAZnSDI%2FA%2FK0dPi2xgNaherFyLJhbjc3x7VBDJqkKnMip2pj2XxE9zoQXomuOtuk3ZZwTOJtd045WAfMy6aUx3XnL6n0gRNaYOnUi8XRSurfsZi4fGljit5upAj8uPbf20JPXch18unwcFSgPZuFpwfaQvnEXhuQ2q2PZfDZyK%2F5RvgaS8GlAqoY9gxpVZHEws5pwH7jxIlnqgVg63Q9xZ3lhHhn0ULwDScHNhqrW3Zb3EnSjt18jBkl9C41%2F7dJr2XT6IbZylgaUY4rFilDvftDDWnqPRwkafS7uaF5RTK2xd6ttfaMe1LOOuYg%3D%3D","environmentVariables":{"FIREBASE_CONFIG":"{\"projectId\":\"mimi-plan-test\",\"storageBucket\":\"mimi-plan-test.appspot.com\",\"locationId\":\"us-central\"}","GCLOUD_PROJECT":"mimi-plan-test"},"runtime":"nodejs16","buildId":"14d8ce14-4224-4053-8227-5961bad2560e","sourceToken":"4e245c67-f85f-4564-8e76-8a2ae9226b38","buildName":"projects/752899782545/locations/us-central1/builds/14d8ce14-4224-4053-8227-5961bad2560e","dockerRegistry":"ARTIFACT_REGISTRY"},"versionId":"2","updateTime":"2022-11-01T17:46:33Z","buildId":"ce1faaf5-473e-4f35-aeaa-fde9ce14ebc8","sourceToken":"4e245c67-f85f-4564-8e76-8a2ae9226b38","buildName":"projects/752899782545/locations/us-central1/builds/ce1faaf5-473e-4f35-aeaa-fde9ce14ebc8"},"done":true,"response":{"@type":"type.googleapis.com/google.cloud.functions.v1.CloudFunction","name":"projects/mimi-plan-test/locations/us-central1/functions/disableRoutePlan","httpsTrigger":{"url":"https://us-central1-mimi-plan-test.cloudfunctions.net/disableRoutePlan","securityLevel":"SECURE_ALWAYS"},"status":"ACTIVE","entryPoint":"disableRoutePlan","timeout":"60s","availableMemoryMb":256,"serviceAccountEmail":"mimi-plan-test@appspot.gserviceaccount.com","updateTime":"2022-11-01T17:46:33.179Z","versionId":"2","labels":{"deployment-tool":"cli-firebase","deployment-callable":"true","firebase-functions-hash":"6b48704e00b5a162546390d39eeac1a937c9a431"},"sourceUploadUrl":"https://storage.googleapis.com/uploads-113041438867.us-central1.cloudfunctions.appspot.com/0aca5661-af25-4945-a461-fd8aece30d86.zip","environmentVariables":{"FIREBASE_CONFIG":"{\"projectId\":\"mimi-plan-test\",\"storageBucket\":\"mimi-plan-test.appspot.com\",\"locationId\":\"us-central\"}","GCLOUD_PROJECT":"mimi-plan-test"},"runtime":"nodejs16","ingressSettings":"ALLOW_ALL","buildId":"ce1faaf5-473e-4f35-aeaa-fde9ce14ebc8","buildName":"projects/752899782545/locations/us-central1/builds/ce1faaf5-473e-4f35-aeaa-fde9ce14ebc8","dockerRegistry":"ARTIFACT_REGISTRY"}}
[debug] [2022-11-01T17:46:35.915Z] Got source token 4e245c67-f85f-4564-8e76-8a2ae9226b38 for region us-central1
[info] +  functions[disableRoutePlan(us-central1)] Successful update operation. 
[debug] [2022-11-01T17:46:36.099Z] [update-default-us-central1-deleteUser] Retrying task index 0
[debug] [2022-11-01T17:46:36.100Z] >>> [apiv2][query] GET https://cloudfunctions.googleapis.com/v1/operations/bWltaS1wbGFuLXRlc3QvdXMtY2VudHJhbDEvZGVsZXRlVXNlci9sMUwtcGVuVUtRaw [none]
[debug] [2022-11-01T17:46:36.716Z] <<< [apiv2][status] GET https://cloudfunctions.googleapis.com/v1/operations/bWltaS1wbGFuLXRlc3QvdXMtY2VudHJhbDEvZGVsZXRlVXNlci9sMUwtcGVuVUtRaw 200
[debug] [2022-11-01T17:46:36.717Z] <<< [apiv2][body] GET https://cloudfunctions.googleapis.com/v1/operations/bWltaS1wbGFuLXRlc3QvdXMtY2VudHJhbDEvZGVsZXRlVXNlci9sMUwtcGVuVUtRaw {"name":"operations/bWltaS1wbGFuLXRlc3QvdXMtY2VudHJhbDEvZGVsZXRlVXNlci9sMUwtcGVuVUtRaw","metadata":{"@type":"type.googleapis.com/google.cloud.functions.v1.OperationMetadataV1","target":"projects/mimi-plan-test/locations/us-central1/functions/deleteUser","type":"UPDATE_FUNCTION","request":{"@type":"type.googleapis.com/google.cloud.functions.v1.CloudFunction","name":"projects/mimi-plan-test/locations/us-central1/functions/deleteUser","httpsTrigger":{"url":"https://us-central1-mimi-plan-test.cloudfunctions.net/deleteUser","securityLevel":"SECURE_ALWAYS"},"status":"ACTIVE","entryPoint":"deleteUser","updateTime":"2022-11-01T17:23:17.861Z","versionId":"2","labels":{"deployment-tool":"cli-firebase","deployment-callable":"true","firebase-functions-hash":"6b48704e00b5a162546390d39eeac1a937c9a431"},"sourceUploadUrl":"https://storage.googleapis.com/uploads-113041438867.us-central1.cloudfunctions.appspot.com/0aca5661-af25-4945-a461-fd8aece30d86.zip?GoogleAccessId=service-752899782545@gcf-admin-robot.iam.gserviceaccount.com&Expires=1667326488&Signature=qVbuJ78tpx2ZhwpAu4oKhdn8yiXAZnSDI%2FA%2FK0dPi2xgNaherFyLJhbjc3x7VBDJqkKnMip2pj2XxE9zoQXomuOtuk3ZZwTOJtd045WAfMy6aUx3XnL6n0gRNaYOnUi8XRSurfsZi4fGljit5upAj8uPbf20JPXch18unwcFSgPZuFpwfaQvnEXhuQ2q2PZfDZyK%2F5RvgaS8GlAqoY9gxpVZHEws5pwH7jxIlnqgVg63Q9xZ3lhHhn0ULwDScHNhqrW3Zb3EnSjt18jBkl9C41%2F7dJr2XT6IbZylgaUY4rFilDvftDDWnqPRwkafS7uaF5RTK2xd6ttfaMe1LOOuYg%3D%3D","environmentVariables":{"FIREBASE_CONFIG":"{\"projectId\":\"mimi-plan-test\",\"storageBucket\":\"mimi-plan-test.appspot.com\",\"locationId\":\"us-central\"}","GCLOUD_PROJECT":"mimi-plan-test"},"runtime":"nodejs16","buildId":"14d8ce14-4224-4053-8227-5961bad2560e","buildName":"projects/752899782545/locations/us-central1/builds/14d8ce14-4224-4053-8227-5961bad2560e","dockerRegistry":"ARTIFACT_REGISTRY"},"versionId":"3","updateTime":"2022-11-01T17:46:28Z","buildId":"ce1faaf5-473e-4f35-aeaa-fde9ce14ebc8","sourceToken":"4e245c67-f85f-4564-8e76-8a2ae9226b38","buildName":"projects/752899782545/locations/us-central1/builds/ce1faaf5-473e-4f35-aeaa-fde9ce14ebc8"},"done":true,"response":{"@type":"type.googleapis.com/google.cloud.functions.v1.CloudFunction","name":"projects/mimi-plan-test/locations/us-central1/functions/deleteUser","httpsTrigger":{"url":"https://us-central1-mimi-plan-test.cloudfunctions.net/deleteUser","securityLevel":"SECURE_ALWAYS"},"status":"ACTIVE","entryPoint":"deleteUser","timeout":"60s","availableMemoryMb":256,"serviceAccountEmail":"mimi-plan-test@appspot.gserviceaccount.com","updateTime":"2022-11-01T17:46:28.811Z","versionId":"3","labels":{"deployment-tool":"cli-firebase","deployment-callable":"true","firebase-functions-hash":"6b48704e00b5a162546390d39eeac1a937c9a431"},"sourceUploadUrl":"https://storage.googleapis.com/uploads-113041438867.us-central1.cloudfunctions.appspot.com/0aca5661-af25-4945-a461-fd8aece30d86.zip","environmentVariables":{"FIREBASE_CONFIG":"{\"projectId\":\"mimi-plan-test\",\"storageBucket\":\"mimi-plan-test.appspot.com\",\"locationId\":\"us-central\"}","GCLOUD_PROJECT":"mimi-plan-test"},"runtime":"nodejs16","ingressSettings":"ALLOW_ALL","buildId":"ce1faaf5-473e-4f35-aeaa-fde9ce14ebc8","buildName":"projects/752899782545/locations/us-central1/builds/ce1faaf5-473e-4f35-aeaa-fde9ce14ebc8","dockerRegistry":"ARTIFACT_REGISTRY"}}
[debug] [2022-11-01T17:46:36.717Z] Got source token 4e245c67-f85f-4564-8e76-8a2ae9226b38 for region us-central1
[info] +  functions[deleteUser(us-central1)] Successful update operation. 
[debug] [2022-11-01T17:46:36.739Z] Total Function Deployment time: 105370
[debug] [2022-11-01T17:46:36.740Z] 2 Functions Deployed
[debug] [2022-11-01T17:46:36.740Z] 0 Functions Errored
[debug] [2022-11-01T17:46:36.740Z] 0 Function Deployments Aborted
[debug] [2022-11-01T17:46:36.740Z] Average Function Deployment time: 104963.5
[debug] [2022-11-02T05:34:41.334Z] ----------------------------------------------------------------------
[debug] [2022-11-02T05:34:41.337Z] Command:       C:\Program Files\nodejs\node.exe C:\Users\muham\AppData\Roaming\npm\node_modules\firebase-tools\lib\bin\firebase.js emulators:start --only functions
[debug] [2022-11-02T05:34:41.338Z] CLI Version:   11.15.0
[debug] [2022-11-02T05:34:41.338Z] Platform:      win32
[debug] [2022-11-02T05:34:41.338Z] Node Version:  v16.15.1
[debug] [2022-11-02T05:34:41.345Z] Time:          Wed Nov 02 2022 10:34:41 GMT+0500 (Pakistan Standard Time)
[debug] [2022-11-02T05:34:41.345Z] ----------------------------------------------------------------------
[debug] 
[debug] [2022-11-02T05:34:41.574Z] > command requires scopes: ["email","openid","https://www.googleapis.com/auth/cloudplatformprojects.readonly","https://www.googleapis.com/auth/firebase","https://www.googleapis.com/auth/cloud-platform"]
[debug] [2022-11-02T05:34:41.575Z] > authorizing via signed-in user (muhammad1azhar2@gmail.com)
[info] i  emulators: Starting emulators: functions {"metadata":{"emulator":{"name":"hub"},"message":"Starting emulators: functions"}}
[debug] [2022-11-02T05:34:41.592Z] [logging] Logging Emulator only supports listening on one address (127.0.0.1). Not listening on ::1
[debug] [2022-11-02T05:34:41.593Z] assigned listening specs for emulators {"user":{"hub":[{"address":"127.0.0.1","family":"IPv4","port":4400},{"address":"::1","family":"IPv6","port":4400}],"ui":[{"address":"127.0.0.1","family":"IPv4","port":4000},{"address":"::1","family":"IPv6","port":4000}],"logging":[{"address":"127.0.0.1","family":"IPv4","port":4500}]},"metadata":{"message":"assigned listening specs for emulators"}}
[warn] !  emulators: It seems that you are running multiple instances of the emulator suite for project mimi-plan-test. This may result in unexpected behavior. 
[debug] [2022-11-02T05:34:41.609Z] [hub] writing locator at C:\Users\muham\AppData\Local\Temp\hub-mimi-plan-test.json
[debug] [2022-11-02T05:34:41.675Z] [functions] Functions Emulator only supports listening on one address (127.0.0.1). Not listening on ::1
[debug] [2022-11-02T05:34:41.675Z] [eventarc] Eventarc Emulator only supports listening on one address (127.0.0.1). Not listening on ::1
[debug] [2022-11-02T05:34:41.676Z] late-assigned ports for functions and eventarc emulators {"user":{"hub":[{"address":"127.0.0.1","family":"IPv4","port":4400},{"address":"::1","family":"IPv6","port":4400}],"ui":[{"address":"127.0.0.1","family":"IPv4","port":4000},{"address":"::1","family":"IPv6","port":4000}],"logging":[{"address":"127.0.0.1","family":"IPv4","port":4500}],"functions":[{"address":"127.0.0.1","family":"IPv4","port":5001}],"eventarc":[{"address":"127.0.0.1","family":"IPv4","port":9299}]},"metadata":{"message":"late-assigned ports for functions and eventarc emulators"}}
[warn] !  functions: The following emulators are not running, calls to these services from the Functions emulator will affect production: auth, firestore, database, hosting, pubsub, storage {"metadata":{"emulator":{"name":"functions"},"message":"The following emulators are not running, calls to these services from the Functions emulator will affect production: \u001b[1mauth, firestore, database, hosting, pubsub, storage\u001b[22m"}}
[info] +  functions: Using node@16 from host. {"metadata":{"emulator":{"name":"functions"},"message":"Using node@16 from host."}}
[debug] [2022-11-02T05:34:41.750Z] defaultcredentials: writing to file C:\Users\muham\AppData\Roaming\firebase\muhammad1azhar2_gmail_com_application_default_credentials.json
[debug] [2022-11-02T05:34:41.799Z] Setting GAC to C:\Users\muham\AppData\Roaming\firebase\muhammad1azhar2_gmail_com_application_default_credentials.json {"metadata":{"emulator":{"name":"functions"},"message":"Setting GAC to C:\\Users\\muham\\AppData\\Roaming\\firebase\\muhammad1azhar2_gmail_com_application_default_credentials.json"}}
[debug] [2022-11-02T05:34:41.802Z] > refreshing access token with scopes: []
[debug] [2022-11-02T05:34:41.806Z] >>> [apiv2][query] POST https://www.googleapis.com/oauth2/v3/token [none]
[debug] [2022-11-02T05:34:41.807Z] >>> [apiv2][body] POST https://www.googleapis.com/oauth2/v3/token [omitted]
[debug] [2022-11-02T05:34:42.208Z] <<< [apiv2][status] POST https://www.googleapis.com/oauth2/v3/token 200
[debug] [2022-11-02T05:34:42.208Z] <<< [apiv2][body] POST https://www.googleapis.com/oauth2/v3/token [omitted]
[debug] [2022-11-02T05:34:42.222Z] >>> [apiv2][query] GET https://firebase.googleapis.com/v1beta1/projects/mimi-plan-test/adminSdkConfig [none]
[debug] [2022-11-02T05:34:42.747Z] <<< [apiv2][status] GET https://firebase.googleapis.com/v1beta1/projects/mimi-plan-test/adminSdkConfig 200
[debug] [2022-11-02T05:34:42.747Z] <<< [apiv2][body] GET https://firebase.googleapis.com/v1beta1/projects/mimi-plan-test/adminSdkConfig {"projectId":"mimi-plan-test","storageBucket":"mimi-plan-test.appspot.com","locationId":"us-central"}
[debug] [2022-11-02T05:34:42.787Z] Ignoring unsupported arg: auto_download {"metadata":{"emulator":{"name":"ui"},"message":"Ignoring unsupported arg: auto_download"}}
[debug] [2022-11-02T05:34:42.787Z] Ignoring unsupported arg: port {"metadata":{"emulator":{"name":"ui"},"message":"Ignoring unsupported arg: port"}}
[debug] [2022-11-02T05:34:42.787Z] Starting Emulator UI with command {"binary":"node","args":["C:\\Users\\muham\\.cache\\firebase\\emulators\\ui-v1.11.1\\server\\server.js"],"optionalArgs":[],"joinArgs":false} {"metadata":{"emulator":{"name":"ui"},"message":"Starting Emulator UI with command {\"binary\":\"node\",\"args\":[\"C:\\\\Users\\\\muham\\\\.cache\\\\firebase\\\\emulators\\\\ui-v1.11.1\\\\server\\\\server.js\"],\"optionalArgs\":[],\"joinArgs\":false}"}}
[info] i  ui: Emulator UI logging to ui-debug.log {"metadata":{"emulator":{"name":"ui"},"message":"Emulator UI logging to \u001b[1mui-debug.log\u001b[22m"}}
[debug] [2022-11-02T05:34:43.070Z] Web / API server started at 127.0.0.1:4000
 {"metadata":{"emulator":{"name":"ui"},"message":"Web / API server started at 127.0.0.1:4000\n"}}
[debug] [2022-11-02T05:34:43.071Z] Web / API server started at ::1:4000
 {"metadata":{"emulator":{"name":"ui"},"message":"Web / API server started at ::1:4000\n"}}
[info] i  functions: Watching "E:\frontend\reactJS\mimi-web\functions" for Cloud Functions... {"metadata":{"emulator":{"name":"functions"},"message":"Watching \"E:\\frontend\\reactJS\\mimi-web\\functions\" for Cloud Functions..."}}
[debug] [2022-11-02T05:34:43.331Z] Validating nodejs source
[warn] !  functions: package.json indicates an outdated version of firebase-functions. Please upgrade using npm install --save firebase-functions@latest in your functions directory. 
[debug] [2022-11-02T05:34:56.624Z] > [functions] package.json contents: {
  "name": "functions",
  "description": "Cloud Functions for Firebase",
  "scripts": {
    "lint": "eslint .",
    "serve": "firebase emulators:start --only functions",
    "shell": "firebase functions:shell",
    "start": "npm run shell",
    "deploy": "firebase deploy --only functions",
    "logs": "firebase functions:log"
  },
  "engines": {
    "node": "16"
  },
  "main": "index.js",
  "dependencies": {
    "firebase-admin": "^11.2.0",
    "firebase-functions": "^4.0.1",
    "moment": "^2.29.4"
  },
  "devDependencies": {
    "eslint": "^8.9.0",
    "eslint-config-google": "^0.14.0",
    "firebase-functions-test": "^0.2.0"
  },
  "private": true
}
[debug] [2022-11-02T05:34:56.625Z] Building nodejs source
[debug] [2022-11-02T05:34:56.625Z] Analyzing nodejs backend spec
[debug] [2022-11-02T05:34:56.629Z] Could not find functions.yaml. Must use http discovery
[debug] [2022-11-02T05:34:58.616Z] Serving at port 9005

[debug] [2022-11-02T05:35:01.373Z] Got response from /__/functions.yaml {"endpoints":{"deleteUser":{"platform":"gcfv1","labels":{},"availableMemoryMb":null,"timeoutSeconds":null,"minInstances":null,"maxInstances":null,"ingressSettings":null,"serviceAccountEmail":null,"vpc":null,"callableTrigger":{},"entryPoint":"deleteUser"},"disableRoutePlan":{"platform":"gcfv1","labels":{},"availableMemoryMb":null,"timeoutSeconds":null,"minInstances":null,"maxInstances":null,"ingressSettings":null,"serviceAccountEmail":null,"vpc":null,"callableTrigger":{},"entryPoint":"disableRoutePlan"}},"specVersion":"v1alpha1","requiredAPIs":[]}
[debug] [2022-11-02T05:35:01.391Z] shutdown requested via /__/quitquitquit

[info] +  functions: Loaded functions definitions from source: deleteUser, disableRoutePlan. {"metadata":{"emulator":{"name":"functions"},"message":"Loaded functions definitions from source: deleteUser, disableRoutePlan."}}
[info] +  functions[us-central1-deleteUser]: http function initialized (http://127.0.0.1:5001/mimi-plan-test/us-central1/deleteUser). {"metadata":{"emulator":{"name":"functions"},"message":"\u001b[1mhttp\u001b[22m function initialized (http://127.0.0.1:5001/mimi-plan-test/us-central1/deleteUser)."}}
[info] +  functions[us-central1-disableRoutePlan]: http function initialized (http://127.0.0.1:5001/mimi-plan-test/us-central1/disableRoutePlan). {"metadata":{"emulator":{"name":"functions"},"message":"\u001b[1mhttp\u001b[22m function initialized (http://127.0.0.1:5001/mimi-plan-test/us-central1/disableRoutePlan)."}}
[info] 

   All emulators ready! It is now safe to connect your app. 
 i  View Emulator UI at http://127.0.0.1:4000/               



 Emulator   Host:Port       View in Emulator UI             

 Functions  127.0.0.1:5001  http://127.0.0.1:4000/functions 

  Emulator Hub running at 127.0.0.1:4400
  Other reserved ports: 4500

Issues? Report them at https://github.com/firebase/firebase-tools/issues and attach the *-debug.log files.
 
