[debug] [2022-10-31T19:22:07.484Z] ----------------------------------------------------------------------
[debug] [2022-10-31T19:22:07.487Z] Command:       C:\Program Files\nodejs\node.exe C:\Users\muham\AppData\Roaming\npm\node_modules\firebase-tools\lib\bin\firebase.js functions:shell
[debug] [2022-10-31T19:22:07.487Z] CLI Version:   11.15.0
[debug] [2022-10-31T19:22:07.487Z] Platform:      win32
[debug] [2022-10-31T19:22:07.488Z] Node Version:  v16.15.1
[debug] [2022-10-31T19:22:07.489Z] Time:          Tue Nov 01 2022 00:22:07 GMT+0500 (Pakistan Standard Time)
[debug] [2022-10-31T19:22:07.489Z] ----------------------------------------------------------------------
[debug] 
[debug] [2022-10-31T19:22:07.576Z] > command requires scopes: ["email","openid","https://www.googleapis.com/auth/cloudplatformprojects.readonly","https://www.googleapis.com/auth/firebase","https://www.googleapis.com/auth/cloud-platform"]
[debug] [2022-10-31T19:22:07.577Z] > authorizing via signed-in user (muhammad1azhar2@gmail.com)
[debug] [2022-10-31T19:22:07.577Z] [iam] checking project mimi-plan-test for permissions ["firebase.projects.get"]
[debug] [2022-10-31T19:22:07.580Z] >>> [apiv2][query] POST https://cloudresourcemanager.googleapis.com/v1/projects/mimi-plan-test:testIamPermissions [none]
[debug] [2022-10-31T19:22:07.581Z] >>> [apiv2][(partial)header] POST https://cloudresourcemanager.googleapis.com/v1/projects/mimi-plan-test:testIamPermissions x-goog-quota-user=projects/mimi-plan-test
[debug] [2022-10-31T19:22:07.581Z] >>> [apiv2][body] POST https://cloudresourcemanager.googleapis.com/v1/projects/mimi-plan-test:testIamPermissions {"permissions":["firebase.projects.get"]}
[debug] [2022-10-31T19:22:09.237Z] <<< [apiv2][status] POST https://cloudresourcemanager.googleapis.com/v1/projects/mimi-plan-test:testIamPermissions 200
[debug] [2022-10-31T19:22:09.237Z] <<< [apiv2][body] POST https://cloudresourcemanager.googleapis.com/v1/projects/mimi-plan-test:testIamPermissions {"permissions":["firebase.projects.get"]}
[debug] [2022-10-31T19:22:09.239Z] >>> [apiv2][query] GET http://127.0.0.1:4400/emulators [none]
[debug] [2022-10-31T19:22:09.246Z] <<< [apiv2][status] GET http://127.0.0.1:4400/emulators 200
[debug] [2022-10-31T19:22:09.247Z] <<< [apiv2][body] GET http://127.0.0.1:4400/emulators {"hub":{"listen":[{"address":"127.0.0.1","family":"IPv4","port":4400},{"address":"::1","family":"IPv6","port":4400}],"name":"hub","host":"127.0.0.1","port":4400},"ui":{"listen":[{"address":"127.0.0.1","family":"IPv4","port":4001},{"address":"::1","family":"IPv6","port":4001}],"name":"ui","host":"127.0.0.1","port":4001,"pid":2648},"logging":{"listen":[{"address":"127.0.0.1","family":"IPv4","port":4500}],"name":"logging","host":"127.0.0.1","port":4500},"functions":{"name":"functions","host":"127.0.0.1","port":5001},"eventarc":{"name":"eventarc","host":"127.0.0.1","port":9299}}
[debug] [2022-10-31T19:22:09.247Z] Running emulators:  {"hub":{"listen":[{"address":"127.0.0.1","family":"IPv4","port":4400},{"address":"::1","family":"IPv6","port":4400}],"name":"hub","host":"127.0.0.1","port":4400},"ui":{"listen":[{"address":"127.0.0.1","family":"IPv4","port":4001},{"address":"::1","family":"IPv6","port":4001}],"name":"ui","host":"127.0.0.1","port":4001,"pid":2648},"logging":{"listen":[{"address":"127.0.0.1","family":"IPv4","port":4500}],"name":"logging","host":"127.0.0.1","port":4500},"functions":{"name":"functions","host":"127.0.0.1","port":5001},"eventarc":{"name":"eventarc","host":"127.0.0.1","port":9299}}
[warn] !  functions: You are already running the Cloud Functions emulator on port 5001. Running the emulator and the Functions shell simultaenously can result in unexpected behavior. 
[debug] [2022-10-31T19:22:09.258Z] [functions] Functions Emulator only supports listening on one address (127.0.0.1). Not listening on ::1
[debug] [2022-10-31T19:22:09.310Z] [functions] Using node@16 from host.
[debug] [2022-10-31T19:22:09.311Z] defaultcredentials: writing to file C:\Users\muham\AppData\Roaming\firebase\muhammad1azhar2_gmail_com_application_default_credentials.json
[debug] [2022-10-31T19:22:09.312Z] DEBUG: Setting GAC to C:\Users\muham\AppData\Roaming\firebase\muhammad1azhar2_gmail_com_application_default_credentials.json
[debug] [2022-10-31T19:22:09.313Z] >>> [apiv2][query] GET https://firebase.googleapis.com/v1beta1/projects/mimi-plan-test/adminSdkConfig [none]
[debug] [2022-10-31T19:22:09.855Z] <<< [apiv2][status] GET https://firebase.googleapis.com/v1beta1/projects/mimi-plan-test/adminSdkConfig 200
[debug] [2022-10-31T19:22:09.855Z] <<< [apiv2][body] GET https://firebase.googleapis.com/v1beta1/projects/mimi-plan-test/adminSdkConfig {"projectId":"mimi-plan-test","storageBucket":"mimi-plan-test.appspot.com","locationId":"us-central"}
[debug] [2022-10-31T19:22:09.881Z] [functions] Watching "E:\frontend\reactJS\mimi-web\functions" for Cloud Functions...
[debug] [2022-10-31T19:22:09.894Z] Validating nodejs source
[debug] [2022-10-31T19:22:13.768Z] > [functions] package.json contents: {
  "name": "functions",
  "description": "Cloud Functions for Firebase",
  "scripts": {
    "lint": "eslint .",
    "serve": "firebase emulators:start --only functions",
    "shell": "firebase functions:shell",
    "start": "npm run shell",
    "deploy": "firebase deploy --only functions",
    "logs": "firebase functions:log"
  },
  "engines": {
    "node": "16"
  },
  "main": "index.js",
  "dependencies": {
    "firebase-admin": "^11.2.0",
    "firebase-functions": "^4.0.1"
  },
  "devDependencies": {
    "eslint": "^8.9.0",
    "eslint-config-google": "^0.14.0",
    "firebase-functions-test": "^0.2.0"
  },
  "private": true
}
[debug] [2022-10-31T19:22:13.768Z] Building nodejs source
[debug] [2022-10-31T19:22:13.768Z] Analyzing nodejs backend spec
[debug] [2022-10-31T19:22:13.770Z] Could not find functions.yaml. Must use http discovery
[debug] [2022-10-31T19:22:14.121Z] Serving at port 9005

[debug] [2022-10-31T19:22:14.485Z] Got response from /__/functions.yaml {"endpoints":{"helloWorld":{"platform":"gcfv1","availableMemoryMb":null,"timeoutSeconds":null,"minInstances":null,"maxInstances":null,"ingressSettings":null,"serviceAccountEmail":null,"vpc":null,"httpsTrigger":{},"entryPoint":"helloWorld"},"addData":{"platform":"gcfv1","availableMemoryMb":null,"timeoutSeconds":null,"minInstances":null,"maxInstances":null,"ingressSettings":null,"serviceAccountEmail":null,"vpc":null,"httpsTrigger":{},"entryPoint":"addData"},"deleteUser":{"platform":"gcfv1","labels":{},"availableMemoryMb":null,"timeoutSeconds":null,"minInstances":null,"maxInstances":null,"ingressSettings":null,"serviceAccountEmail":null,"vpc":null,"callableTrigger":{},"entryPoint":"deleteUser"},"disableRoutePlan":{"platform":"gcfv1","labels":{},"availableMemoryMb":null,"timeoutSeconds":null,"minInstances":null,"maxInstances":null,"ingressSettings":null,"serviceAccountEmail":null,"vpc":null,"callableTrigger":{},"entryPoint":"disableRoutePlan"}},"specVersion":"v1alpha1","requiredAPIs":[]}
[debug] [2022-10-31T19:22:14.495Z] shutdown requested via /__/quitquitquit

[debug] [2022-10-31T19:22:14.515Z] [functions] Loaded functions definitions from source: helloWorld, addData, deleteUser, disableRoutePlan.
[debug] [2022-10-31T19:22:14.516Z] [functions[us-central1-helloWorld]] http function initialized (http://127.0.0.1:5000/mimi-plan-test/us-central1/helloWorld).
[debug] [2022-10-31T19:22:14.516Z] [functions[us-central1-addData]] http function initialized (http://127.0.0.1:5000/mimi-plan-test/us-central1/addData).
[debug] [2022-10-31T19:22:14.516Z] [functions[us-central1-deleteUser]] http function initialized (http://127.0.0.1:5000/mimi-plan-test/us-central1/deleteUser).
[debug] [2022-10-31T19:22:14.517Z] [functions[us-central1-disableRoutePlan]] http function initialized (http://127.0.0.1:5000/mimi-plan-test/us-central1/disableRoutePlan).
[info] i  functions: Loaded functions: helloWorld, addData, deleteUser, disableRoutePlan 
[info] i  functions: Connected to running eventarc emulator at 127.0.0.1:9299, calls to this service will affect the emulator 
[warn] !  functions: The following emulators are not running, calls to these services will affect production: firestore, database, pubsub, storage 
[debug] [2022-10-31T19:22:51.789Z] [work-queue] {"queueLength":1,"workRunningCount":0}
[debug] [2022-10-31T19:22:51.790Z] [work-queue] {"queueLength":0,"workRunningCount":1}
[debug] [2022-10-31T19:22:51.790Z] Accepted request POST /mimi-plan-test/us-central1/disableRoutePlan --> us-central1-disableRoutePlan
[debug] [2022-10-31T19:22:51.801Z] DEBUG: [functions] Runtime ready! Sending request!
[debug] [2022-10-31T19:22:51.802Z] DEBUG: [functions] Got req.url=/mimi-plan-test/us-central1/disableRoutePlan, mapping to path=/
[debug] [2022-10-31T19:22:51.818Z] DEBUG: [worker-pool] addWorker(us-central1-disableRoutePlan)
[debug] [2022-10-31T19:22:51.819Z] DEBUG: [worker-pool] Adding worker with key us-central1-disableRoutePlan, total=1
[debug] [2022-10-31T19:22:53.795Z] DEBUG: [runtime-status] [7744] Resolved module firebase-admin {"declared":true,"installed":true,"version":"11.2.0","resolution":"E:\\frontend\\reactJS\\mimi-web\\functions\\node_modules\\firebase-admin\\lib\\index.js"}
[debug] [2022-10-31T19:22:53.799Z] DEBUG: [runtime-status] [7744] Resolved module firebase-functions {"declared":true,"installed":true,"version":"4.0.1","resolution":"E:\\frontend\\reactJS\\mimi-web\\functions\\node_modules\\firebase-functions\\lib\\v1\\index.js"}
[debug] [2022-10-31T19:22:53.800Z] DEBUG: [runtime-status] [7744] Outgoing network have been stubbed. [{"name":"http","status":"mocked"},{"name":"http","status":"mocked"},{"name":"https","status":"mocked"},{"name":"https","status":"mocked"},{"name":"net","status":"mocked"}]
[debug] [2022-10-31T19:22:53.805Z] DEBUG: [runtime-status] [7744] Resolved module firebase-functions {"declared":true,"installed":true,"version":"4.0.1","resolution":"E:\\frontend\\reactJS\\mimi-web\\functions\\node_modules\\firebase-functions\\lib\\v1\\index.js"}
[debug] [2022-10-31T19:22:54.169Z] DEBUG: [runtime-status] [7744] Checked functions.config() {"config":{}}
[debug] [2022-10-31T19:22:54.170Z] DEBUG: [runtime-status] [7744] firebase-functions has been stubbed. {"functionsResolution":{"declared":true,"installed":true,"version":"4.0.1","resolution":"E:\\frontend\\reactJS\\mimi-web\\functions\\node_modules\\firebase-functions\\lib\\v1\\index.js"}}
[debug] [2022-10-31T19:22:54.172Z] DEBUG: [runtime-status] [7744] Resolved module firebase-functions {"declared":true,"installed":true,"version":"4.0.1","resolution":"E:\\frontend\\reactJS\\mimi-web\\functions\\node_modules\\firebase-functions\\lib\\v1\\index.js"}
[debug] [2022-10-31T19:22:54.175Z] DEBUG: [runtime-status] [7744] Resolved module firebase-admin {"declared":true,"installed":true,"version":"11.2.0","resolution":"E:\\frontend\\reactJS\\mimi-web\\functions\\node_modules\\firebase-admin\\lib\\index.js"}
[debug] [2022-10-31T19:22:54.181Z] DEBUG: [runtime-status] [7744] Resolved module firebase-functions {"declared":true,"installed":true,"version":"4.0.1","resolution":"E:\\frontend\\reactJS\\mimi-web\\functions\\node_modules\\firebase-functions\\lib\\v1\\index.js"}
[debug] [2022-10-31T19:22:54.182Z] DEBUG: [runtime-status] [7744] firebase-admin has been stubbed. {"adminResolution":{"declared":true,"installed":true,"version":"11.2.0","resolution":"E:\\frontend\\reactJS\\mimi-web\\functions\\node_modules\\firebase-admin\\lib\\index.js"}}
[debug] [2022-10-31T19:22:54.256Z] DEBUG: [runtime-status] [7744] initializeApp(DEFAULT) {"credential":{"implicit":false,"projectId":"mimi-plan-test","privateKey":"-----BEGIN PRIVATE KEY-----\nMIIEvwIBADANBgkqhkiG9w0BAQEFAASCBKkwggSlAgEAAoIBAQC4FtcaGkBBL0MI\nT8OPxdDeZj0Tov0cr0n7PxE7A52YjbVhjfF+hmetHzD7WXf4ukWMZa78GgGjBgWY\nZ5H6ISHnDltL97Rlj2xLOktxbzSTTzNI61NImDzZ/7X3DkZjf3mFoSmPtYijyHau\nKBuWwN8fCKz4xiKc8HzIgby+pSeAIQsmHFM1TeNnby7IS7oHCB+Rgb4Io0lsNnRV\nDmNL62dbLSvTCJHMJhDvGncAe3gOJiuHlVWGjGGXjtliqBH3nZgJ7aeFVUVxga+B\nvYqT8sppREARSZaTgdXVdZgN4YRp9QCBXFB6CkwW9mtx0dDWd/PU+OfA0vP8GVvf\nRRDfasTdAgMBAAECggEALHSjlHOjcbpqmy68ANPaGWMiO8RAELXKDWkRDanVXJpY\nI4tmNtJZZibiqshT3xaIphuGMu5K1+Yj4sacK4XlzIkchg93GpGUquQUhPvAfBSD\nw4fE0IKnK1QDyvpBCFUn8RvW0BQcP8Uw1+TqqLDCERoEv30FrdWrpLYj8PwsOlYW\nNsj53DlRF8flemShwCq4+WYgGPHJvLxFKfRHt2c42Afigpb9efJvg9fdfNgbDK/p\n3bCX/JjjDSA4GFj+4bS0Yyn/vSC7PIa/QSobtNChOfQtExg8bJtGJiXoJHy/YKp5\nkKZ9BCACAG/pEeKcBIIlB0fFxGdM5Ak1t6aajGdQcQKBgQD/+ZHcV0RZ466F5t2R\nqGPRoj6J7amNy73BnYiDKJo6jaJcaCbF5FxeoJkSTn4P+dI0uGcVn0jxrc3EF6oB\nvZaEgVhNOOQ2O+SFIZ45ZjrwrFMEaMr+O0wm2lf8cmPzoAd/YB+nRi+l2yQ1J1Bq\nyxyGVH/gi1ReJ7dnbmDeQeqE5QKBgQC4G3b0VjGAX7z70sgdZ/FvPvLzB9Vy1D2g\njm4kug6BDGNXcekEi2tvWidW6yTmiLHFwXbuUdQ6lzcBoXLQUHxc1aDxqGpbXfzt\nbZD5xJjNGo0KybSnKe29Qcj7RTqV3oeOIgEh/ZPAIaJ0PwKLamzpqlqmZXYnM1rZ\niROWor54mQKBgQC+43WD1MxTIHigwJbRLbsqtQxgPYzpAlxDC+Cmttu0+LRwpvbr\nMq4znx4nycM21L2OtUmilUOHf25oYqFUZPbfX7ni9J8zVpzHL1fYREWF/2x1aFSh\nHMVgYAmnaALjxp5wvdU9IBkeXXr17JiK22ctQcyPPjgvcvzRtD2m4Y8rhQKBgQCU\numMzabodmbniuVm+H600EGdVm3t8gyax4L3r334+FBLgnn3+lN6amvryxY0Oy1jJ\nh8ubJPHMz0G5iIJm9M4ydMXK0yHwY5IjAANBMue5sXxFPcM5065h2JYTHs8AKT/a\nu2+s1NwaN1G0lP5qP/RyI5ONnqN/cYYv/AOeCiTS6QKBgQCZbCF1szMiH3Fk05o0\nj0JUlHFe4OcwejMsD/CFov79fhQ0rGbAJ8ulZGLiqLhmnQH8eoZKxPz57mi91jWG\nA4Ojw23wK1v/mnJSREW7Yskh8tpubESuXc3STc/uFVBMF2yomyjHmL0XPC6E+r6m\n+Y1nNL0X16QnUissNFRwrn10Cw==\n-----END PRIVATE KEY-----\n","clientEmail":"firebase-adminsdk-ze8iq@mimi-plan-test.iam.gserviceaccount.com","httpClient":{"retry":{"maxRetries":4,"statusCodes":[503],"ioErrorCodes":["ECONNRESET","ETIMEDOUT"],"backOffFactor":0.5,"maxDelayInMillis":60000}}}}
[debug] [2022-10-31T19:22:54.268Z] DEBUG: [runtime-status] [7744] Functions runtime initialized. {"cwd":"E:\\frontend\\reactJS\\mimi-web\\functions","node_version":"16.15.1"}
[debug] [2022-10-31T19:22:54.268Z] DEBUG: [runtime-status] [7744] Listening to port: \\?\pipe\fire_emu_9f9fbbb5f1f0f228
[debug] [2022-10-31T19:22:54.342Z] DEBUG: [worker-pool] submitRequest(triggerId=us-central1-disableRoutePlan)
[debug] [2022-10-31T19:22:54.342Z] DEBUG: [worker-us-central1-disableRoutePlan-5133261a-3211-4249-8768-3e4f022ec3ae]: BUSY
[debug] [2022-10-31T19:22:54.368Z] [functions] Beginning execution of "disableRoutePlan"
[info] >  {"verifications":{"app":"MISSING","auth":"MISSING"},"logging.googleapis.com/labels":{"firebase-log-type":"callable-request-verification"},"severity":"DEBUG","message":"Callable request verification passed"} {"user":{"verifications":{"app":"MISSING","auth":"MISSING"},"logging.googleapis.com/labels":{"firebase-log-type":"callable-request-verification"},"severity":"DEBUG","message":"Callable request verification passed"},"metadata":{"emulator":{"name":"functions"},"function":{"name":"us-central1-disableRoutePlan"},"extension":{},"message":"\u001b[90m> \u001b[39m {\"verifications\":{\"app\":\"MISSING\",\"auth\":\"MISSING\"},\"logging.googleapis.com/labels\":{\"firebase-log-type\":\"callable-request-verification\"},\"severity\":\"DEBUG\",\"message\":\"Callable request verification passed\"}"}}
[debug] [2022-10-31T19:22:54.379Z] DEBUG: [runtime-status] [7744] No callable functions auth found
[debug] [2022-10-31T19:22:54.385Z] DEBUG: [worker-us-central1-disableRoutePlan-5133261a-3211-4249-8768-3e4f022ec3ae]: IDLE
[debug] [2022-10-31T19:22:54.385Z] [work-queue] {"queueLength":0,"workRunningCount":0}
[debug] [2022-10-31T19:22:54.393Z] [functions] Finished "disableRoutePlan" in 14.9247ms
[debug] [2022-10-31T19:24:12.657Z] DEBUG: File E:\frontend\reactJS\mimi-web\functions\index.js changed, reloading triggers
[debug] [2022-10-31T19:24:13.670Z] Validating nodejs source
[debug] [2022-10-31T19:24:20.887Z] > [functions] package.json contents: {
  "name": "functions",
  "description": "Cloud Functions for Firebase",
  "scripts": {
    "lint": "eslint .",
    "serve": "firebase emulators:start --only functions",
    "shell": "firebase functions:shell",
    "start": "npm run shell",
    "deploy": "firebase deploy --only functions",
    "logs": "firebase functions:log"
  },
  "engines": {
    "node": "16"
  },
  "main": "index.js",
  "dependencies": {
    "firebase-admin": "^11.2.0",
    "firebase-functions": "^4.0.1"
  },
  "devDependencies": {
    "eslint": "^8.9.0",
    "eslint-config-google": "^0.14.0",
    "firebase-functions-test": "^0.2.0"
  },
  "private": true
}
[debug] [2022-10-31T19:24:20.887Z] Building nodejs source
[debug] [2022-10-31T19:24:20.887Z] Analyzing nodejs backend spec
[debug] [2022-10-31T19:24:20.889Z] Could not find functions.yaml. Must use http discovery
[debug] [2022-10-31T19:24:20.941Z] DEBUG: File E:\frontend\reactJS\mimi-web\functions\index.js changed, reloading triggers
[debug] [2022-10-31T19:24:21.943Z] Validating nodejs source
[debug] [2022-10-31T19:24:29.007Z] > [functions] package.json contents: {
  "name": "functions",
  "description": "Cloud Functions for Firebase",
  "scripts": {
    "lint": "eslint .",
    "serve": "firebase emulators:start --only functions",
    "shell": "firebase functions:shell",
    "start": "npm run shell",
    "deploy": "firebase deploy --only functions",
    "logs": "firebase functions:log"
  },
  "engines": {
    "node": "16"
  },
  "main": "index.js",
  "dependencies": {
    "firebase-admin": "^11.2.0",
    "firebase-functions": "^4.0.1"
  },
  "devDependencies": {
    "eslint": "^8.9.0",
    "eslint-config-google": "^0.14.0",
    "firebase-functions-test": "^0.2.0"
  },
  "private": true
}
[debug] [2022-10-31T19:24:29.007Z] Building nodejs source
[debug] [2022-10-31T19:24:29.008Z] Analyzing nodejs backend spec
[debug] [2022-10-31T19:24:29.009Z] Could not find functions.yaml. Must use http discovery
[debug] [2022-10-31T19:24:29.037Z] Serving at port 9006

[debug] [2022-10-31T19:24:30.472Z] Got response from /__/functions.yaml {"endpoints":{"helloWorld":{"platform":"gcfv1","availableMemoryMb":null,"timeoutSeconds":null,"minInstances":null,"maxInstances":null,"ingressSettings":null,"serviceAccountEmail":null,"vpc":null,"httpsTrigger":{},"entryPoint":"helloWorld"},"addData":{"platform":"gcfv1","availableMemoryMb":null,"timeoutSeconds":null,"minInstances":null,"maxInstances":null,"ingressSettings":null,"serviceAccountEmail":null,"vpc":null,"httpsTrigger":{},"entryPoint":"addData"},"deleteUser":{"platform":"gcfv1","labels":{},"availableMemoryMb":null,"timeoutSeconds":null,"minInstances":null,"maxInstances":null,"ingressSettings":null,"serviceAccountEmail":null,"vpc":null,"callableTrigger":{},"entryPoint":"deleteUser"},"disableRoutePlan":{"platform":"gcfv1","labels":{},"availableMemoryMb":null,"timeoutSeconds":null,"minInstances":null,"maxInstances":null,"ingressSettings":null,"serviceAccountEmail":null,"vpc":null,"callableTrigger":{},"entryPoint":"disableRoutePlan"}},"specVersion":"v1alpha1","requiredAPIs":[]}
[debug] [2022-10-31T19:24:30.495Z] shutdown requested via /__/quitquitquit

[debug] [2022-10-31T19:24:30.578Z] Serving at port 9008

[debug] [2022-10-31T19:24:30.632Z] [functions] Loaded functions definitions from source: helloWorld, addData, deleteUser, disableRoutePlan.
[debug] [2022-10-31T19:24:30.632Z] DEBUG: [worker-pool] Shutting down IDLE worker (us-central1-disableRoutePlan)
[debug] [2022-10-31T19:24:30.633Z] DEBUG: [worker-us-central1-disableRoutePlan-5133261a-3211-4249-8768-3e4f022ec3ae]: FINISHING
[debug] [2022-10-31T19:24:30.671Z] DEBUG: [worker-us-central1-disableRoutePlan-5133261a-3211-4249-8768-3e4f022ec3ae]: exited
[debug] [2022-10-31T19:24:30.671Z] DEBUG: [worker-us-central1-disableRoutePlan-5133261a-3211-4249-8768-3e4f022ec3ae]: FINISHED
[debug] [2022-10-31T19:24:31.106Z] Got response from /__/functions.yaml {"endpoints":{"helloWorld":{"platform":"gcfv1","availableMemoryMb":null,"timeoutSeconds":null,"minInstances":null,"maxInstances":null,"ingressSettings":null,"serviceAccountEmail":null,"vpc":null,"httpsTrigger":{},"entryPoint":"helloWorld"},"addData":{"platform":"gcfv1","availableMemoryMb":null,"timeoutSeconds":null,"minInstances":null,"maxInstances":null,"ingressSettings":null,"serviceAccountEmail":null,"vpc":null,"httpsTrigger":{},"entryPoint":"addData"},"deleteUser":{"platform":"gcfv1","labels":{},"availableMemoryMb":null,"timeoutSeconds":null,"minInstances":null,"maxInstances":null,"ingressSettings":null,"serviceAccountEmail":null,"vpc":null,"callableTrigger":{},"entryPoint":"deleteUser"},"disableRoutePlan":{"platform":"gcfv1","labels":{},"availableMemoryMb":null,"timeoutSeconds":null,"minInstances":null,"maxInstances":null,"ingressSettings":null,"serviceAccountEmail":null,"vpc":null,"callableTrigger":{},"entryPoint":"disableRoutePlan"}},"specVersion":"v1alpha1","requiredAPIs":[]}
[error] !!  functions: Failed to load function definition from source: FetchError: request to http://localhost:9008/__/quitquitquit failed, reason: read ECONNRESET {"metadata":{"emulator":{"name":"functions"},"message":"Failed to load function definition from source: FetchError: request to http://localhost:9008/__/quitquitquit failed, reason: read ECONNRESET"}}
[debug] [2022-10-31T19:24:31.111Z] shutdown requested via /__/quitquitquit

[debug] [2022-10-31T19:24:45.235Z] DEBUG: File E:\frontend\reactJS\mimi-web\functions\index.js changed, reloading triggers
[debug] [2022-10-31T19:24:45.701Z] DEBUG: File E:\frontend\reactJS\mimi-web\functions\index.js changed, reloading triggers
[debug] [2022-10-31T19:24:46.712Z] Validating nodejs source
[debug] [2022-10-31T19:24:55.313Z] > [functions] package.json contents: {
  "name": "functions",
  "description": "Cloud Functions for Firebase",
  "scripts": {
    "lint": "eslint .",
    "serve": "firebase emulators:start --only functions",
    "shell": "firebase functions:shell",
    "start": "npm run shell",
    "deploy": "firebase deploy --only functions",
    "logs": "firebase functions:log"
  },
  "engines": {
    "node": "16"
  },
  "main": "index.js",
  "dependencies": {
    "firebase-admin": "^11.2.0",
    "firebase-functions": "^4.0.1"
  },
  "devDependencies": {
    "eslint": "^8.9.0",
    "eslint-config-google": "^0.14.0",
    "firebase-functions-test": "^0.2.0"
  },
  "private": true
}
[debug] [2022-10-31T19:24:55.314Z] Building nodejs source
[debug] [2022-10-31T19:24:55.314Z] Analyzing nodejs backend spec
[debug] [2022-10-31T19:24:55.317Z] Could not find functions.yaml. Must use http discovery
[error] !!  functions: Failed to load function definition from source: FetchError: request to http://localhost:9005/__/quitquitquit failed, reason: connect ECONNREFUSED 127.0.0.1:9005 {"metadata":{"emulator":{"name":"functions"},"message":"Failed to load function definition from source: FetchError: request to http://localhost:9005/__/quitquitquit failed, reason: connect ECONNREFUSED 127.0.0.1:9005"}}
[debug] [2022-10-31T19:24:56.059Z] Serving at port 9005

[debug] [2022-10-31T19:24:56.845Z] shutdown requested via /__/quitquitquit

[debug] [2022-10-31T19:24:58.005Z] DEBUG: File E:\frontend\reactJS\mimi-web\functions\index.js changed, reloading triggers
[debug] [2022-10-31T19:24:59.008Z] Validating nodejs source
[debug] [2022-10-31T19:25:32.681Z] ----------------------------------------------------------------------
[debug] [2022-10-31T19:25:32.683Z] Command:       C:\Program Files\nodejs\node.exe C:\Users\muham\AppData\Roaming\npm\node_modules\firebase-tools\lib\bin\firebase.js functions:shell
[debug] [2022-10-31T19:25:32.684Z] CLI Version:   11.15.0
[debug] [2022-10-31T19:25:32.684Z] Platform:      win32
[debug] [2022-10-31T19:25:32.684Z] Node Version:  v16.15.1
[debug] [2022-10-31T19:25:32.685Z] Time:          Tue Nov 01 2022 00:25:32 GMT+0500 (Pakistan Standard Time)
[debug] [2022-10-31T19:25:32.685Z] ----------------------------------------------------------------------
[debug] 
[debug] [2022-10-31T19:25:32.886Z] > command requires scopes: ["email","openid","https://www.googleapis.com/auth/cloudplatformprojects.readonly","https://www.googleapis.com/auth/firebase","https://www.googleapis.com/auth/cloud-platform"]
[debug] [2022-10-31T19:25:32.887Z] > authorizing via signed-in user (muhammad1azhar2@gmail.com)
[debug] [2022-10-31T19:25:32.887Z] [iam] checking project mimi-plan-test for permissions ["firebase.projects.get"]
[debug] [2022-10-31T19:25:32.891Z] >>> [apiv2][query] POST https://cloudresourcemanager.googleapis.com/v1/projects/mimi-plan-test:testIamPermissions [none]
[debug] [2022-10-31T19:25:32.891Z] >>> [apiv2][(partial)header] POST https://cloudresourcemanager.googleapis.com/v1/projects/mimi-plan-test:testIamPermissions x-goog-quota-user=projects/mimi-plan-test
[debug] [2022-10-31T19:25:32.891Z] >>> [apiv2][body] POST https://cloudresourcemanager.googleapis.com/v1/projects/mimi-plan-test:testIamPermissions {"permissions":["firebase.projects.get"]}
[debug] [2022-10-31T19:25:34.461Z] <<< [apiv2][status] POST https://cloudresourcemanager.googleapis.com/v1/projects/mimi-plan-test:testIamPermissions 200
[debug] [2022-10-31T19:25:34.461Z] <<< [apiv2][body] POST https://cloudresourcemanager.googleapis.com/v1/projects/mimi-plan-test:testIamPermissions {"permissions":["firebase.projects.get"]}
[debug] [2022-10-31T19:25:34.463Z] >>> [apiv2][query] GET http://127.0.0.1:4400/emulators [none]
[debug] [2022-10-31T19:25:34.470Z] <<< [apiv2][status] GET http://127.0.0.1:4400/emulators 200
[debug] [2022-10-31T19:25:34.471Z] <<< [apiv2][body] GET http://127.0.0.1:4400/emulators {"hub":{"listen":[{"address":"127.0.0.1","family":"IPv4","port":4400},{"address":"::1","family":"IPv6","port":4400}],"name":"hub","host":"127.0.0.1","port":4400},"ui":{"listen":[{"address":"127.0.0.1","family":"IPv4","port":4001},{"address":"::1","family":"IPv6","port":4001}],"name":"ui","host":"127.0.0.1","port":4001,"pid":2648},"logging":{"listen":[{"address":"127.0.0.1","family":"IPv4","port":4500}],"name":"logging","host":"127.0.0.1","port":4500},"functions":{"name":"functions","host":"127.0.0.1","port":5001},"eventarc":{"name":"eventarc","host":"127.0.0.1","port":9299}}
[debug] [2022-10-31T19:25:34.471Z] Running emulators:  {"hub":{"listen":[{"address":"127.0.0.1","family":"IPv4","port":4400},{"address":"::1","family":"IPv6","port":4400}],"name":"hub","host":"127.0.0.1","port":4400},"ui":{"listen":[{"address":"127.0.0.1","family":"IPv4","port":4001},{"address":"::1","family":"IPv6","port":4001}],"name":"ui","host":"127.0.0.1","port":4001,"pid":2648},"logging":{"listen":[{"address":"127.0.0.1","family":"IPv4","port":4500}],"name":"logging","host":"127.0.0.1","port":4500},"functions":{"name":"functions","host":"127.0.0.1","port":5001},"eventarc":{"name":"eventarc","host":"127.0.0.1","port":9299}}
[warn] !  functions: You are already running the Cloud Functions emulator on port 5001. Running the emulator and the Functions shell simultaenously can result in unexpected behavior. 
[debug] [2022-10-31T19:25:34.482Z] [functions] Functions Emulator only supports listening on one address (127.0.0.1). Not listening on ::1
[debug] [2022-10-31T19:25:34.511Z] [functions] Using node@16 from host.
[debug] [2022-10-31T19:25:34.512Z] defaultcredentials: writing to file C:\Users\muham\AppData\Roaming\firebase\muhammad1azhar2_gmail_com_application_default_credentials.json
[debug] [2022-10-31T19:25:34.513Z] DEBUG: Setting GAC to C:\Users\muham\AppData\Roaming\firebase\muhammad1azhar2_gmail_com_application_default_credentials.json
[debug] [2022-10-31T19:25:34.515Z] >>> [apiv2][query] GET https://firebase.googleapis.com/v1beta1/projects/mimi-plan-test/adminSdkConfig [none]
[debug] [2022-10-31T19:25:35.270Z] <<< [apiv2][status] GET https://firebase.googleapis.com/v1beta1/projects/mimi-plan-test/adminSdkConfig 200
[debug] [2022-10-31T19:25:35.271Z] <<< [apiv2][body] GET https://firebase.googleapis.com/v1beta1/projects/mimi-plan-test/adminSdkConfig {"projectId":"mimi-plan-test","storageBucket":"mimi-plan-test.appspot.com","locationId":"us-central"}
[debug] [2022-10-31T19:25:35.305Z] [functions] Watching "E:\frontend\reactJS\mimi-web\functions" for Cloud Functions...
[debug] [2022-10-31T19:25:35.315Z] Validating nodejs source
[debug] [2022-10-31T19:25:39.923Z] > [functions] package.json contents: {
  "name": "functions",
  "description": "Cloud Functions for Firebase",
  "scripts": {
    "lint": "eslint .",
    "serve": "firebase emulators:start --only functions",
    "shell": "firebase functions:shell",
    "start": "npm run shell",
    "deploy": "firebase deploy --only functions",
    "logs": "firebase functions:log"
  },
  "engines": {
    "node": "16"
  },
  "main": "index.js",
  "dependencies": {
    "firebase-admin": "^11.2.0",
    "firebase-functions": "^4.0.1"
  },
  "devDependencies": {
    "eslint": "^8.9.0",
    "eslint-config-google": "^0.14.0",
    "firebase-functions-test": "^0.2.0"
  },
  "private": true
}
[debug] [2022-10-31T19:25:39.924Z] Building nodejs source
[debug] [2022-10-31T19:25:39.924Z] Analyzing nodejs backend spec
[debug] [2022-10-31T19:25:39.926Z] Could not find functions.yaml. Must use http discovery
[debug] [2022-10-31T19:25:40.472Z] Serving at port 9005

[debug] [2022-10-31T19:25:40.910Z] Got response from /__/functions.yaml {"endpoints":{"helloWorld":{"platform":"gcfv1","availableMemoryMb":null,"timeoutSeconds":null,"minInstances":null,"maxInstances":null,"ingressSettings":null,"serviceAccountEmail":null,"vpc":null,"httpsTrigger":{},"entryPoint":"helloWorld"},"addData":{"platform":"gcfv1","availableMemoryMb":null,"timeoutSeconds":null,"minInstances":null,"maxInstances":null,"ingressSettings":null,"serviceAccountEmail":null,"vpc":null,"httpsTrigger":{},"entryPoint":"addData"},"deleteUser":{"platform":"gcfv1","labels":{},"availableMemoryMb":null,"timeoutSeconds":null,"minInstances":null,"maxInstances":null,"ingressSettings":null,"serviceAccountEmail":null,"vpc":null,"callableTrigger":{},"entryPoint":"deleteUser"},"disableRoutePlan":{"platform":"gcfv1","labels":{},"availableMemoryMb":null,"timeoutSeconds":null,"minInstances":null,"maxInstances":null,"ingressSettings":null,"serviceAccountEmail":null,"vpc":null,"callableTrigger":{},"entryPoint":"disableRoutePlan"}},"specVersion":"v1alpha1","requiredAPIs":[]}
[debug] [2022-10-31T19:25:40.925Z] shutdown requested via /__/quitquitquit

[debug] [2022-10-31T19:25:40.947Z] [functions] Loaded functions definitions from source: helloWorld, addData, deleteUser, disableRoutePlan.
[debug] [2022-10-31T19:25:40.948Z] [functions[us-central1-helloWorld]] http function initialized (http://127.0.0.1:5000/mimi-plan-test/us-central1/helloWorld).
[debug] [2022-10-31T19:25:40.948Z] [functions[us-central1-addData]] http function initialized (http://127.0.0.1:5000/mimi-plan-test/us-central1/addData).
[debug] [2022-10-31T19:25:40.949Z] [functions[us-central1-deleteUser]] http function initialized (http://127.0.0.1:5000/mimi-plan-test/us-central1/deleteUser).
[debug] [2022-10-31T19:25:40.949Z] [functions[us-central1-disableRoutePlan]] http function initialized (http://127.0.0.1:5000/mimi-plan-test/us-central1/disableRoutePlan).
[info] i  functions: Loaded functions: helloWorld, addData, deleteUser, disableRoutePlan 
[info] i  functions: Connected to running eventarc emulator at 127.0.0.1:9299, calls to this service will affect the emulator 
[warn] !  functions: The following emulators are not running, calls to these services will affect production: firestore, database, pubsub, storage 
[debug] [2022-10-31T19:26:02.066Z] [work-queue] {"queueLength":1,"workRunningCount":0}
[debug] [2022-10-31T19:26:02.067Z] [work-queue] {"queueLength":0,"workRunningCount":1}
[debug] [2022-10-31T19:26:02.068Z] Accepted request POST /mimi-plan-test/us-central1/disableRoutePlan --> us-central1-disableRoutePlan
[debug] [2022-10-31T19:26:02.083Z] DEBUG: [functions] Runtime ready! Sending request!
[debug] [2022-10-31T19:26:02.084Z] DEBUG: [functions] Got req.url=/mimi-plan-test/us-central1/disableRoutePlan, mapping to path=/
[debug] [2022-10-31T19:26:02.101Z] DEBUG: [worker-pool] addWorker(us-central1-disableRoutePlan)
[debug] [2022-10-31T19:26:02.101Z] DEBUG: [worker-pool] Adding worker with key us-central1-disableRoutePlan, total=1
[debug] [2022-10-31T19:26:04.050Z] DEBUG: [runtime-status] [1612] Resolved module firebase-admin {"declared":true,"installed":true,"version":"11.2.0","resolution":"E:\\frontend\\reactJS\\mimi-web\\functions\\node_modules\\firebase-admin\\lib\\index.js"}
[debug] [2022-10-31T19:26:04.053Z] DEBUG: [runtime-status] [1612] Resolved module firebase-functions {"declared":true,"installed":true,"version":"4.0.1","resolution":"E:\\frontend\\reactJS\\mimi-web\\functions\\node_modules\\firebase-functions\\lib\\v1\\index.js"}
[debug] [2022-10-31T19:26:04.055Z] DEBUG: [runtime-status] [1612] Outgoing network have been stubbed. [{"name":"http","status":"mocked"},{"name":"http","status":"mocked"},{"name":"https","status":"mocked"},{"name":"https","status":"mocked"},{"name":"net","status":"mocked"}]
[debug] [2022-10-31T19:26:04.057Z] DEBUG: [runtime-status] [1612] Resolved module firebase-functions {"declared":true,"installed":true,"version":"4.0.1","resolution":"E:\\frontend\\reactJS\\mimi-web\\functions\\node_modules\\firebase-functions\\lib\\v1\\index.js"}
[debug] [2022-10-31T19:26:04.319Z] DEBUG: [runtime-status] [1612] Checked functions.config() {"config":{}}
[debug] [2022-10-31T19:26:04.320Z] DEBUG: [runtime-status] [1612] firebase-functions has been stubbed. {"functionsResolution":{"declared":true,"installed":true,"version":"4.0.1","resolution":"E:\\frontend\\reactJS\\mimi-web\\functions\\node_modules\\firebase-functions\\lib\\v1\\index.js"}}
[debug] [2022-10-31T19:26:04.321Z] DEBUG: [runtime-status] [1612] Resolved module firebase-functions {"declared":true,"installed":true,"version":"4.0.1","resolution":"E:\\frontend\\reactJS\\mimi-web\\functions\\node_modules\\firebase-functions\\lib\\v1\\index.js"}
[debug] [2022-10-31T19:26:04.323Z] DEBUG: [runtime-status] [1612] Resolved module firebase-admin {"declared":true,"installed":true,"version":"11.2.0","resolution":"E:\\frontend\\reactJS\\mimi-web\\functions\\node_modules\\firebase-admin\\lib\\index.js"}
[debug] [2022-10-31T19:26:04.325Z] DEBUG: [runtime-status] [1612] Resolved module firebase-functions {"declared":true,"installed":true,"version":"4.0.1","resolution":"E:\\frontend\\reactJS\\mimi-web\\functions\\node_modules\\firebase-functions\\lib\\v1\\index.js"}
[debug] [2022-10-31T19:26:04.326Z] DEBUG: [runtime-status] [1612] firebase-admin has been stubbed. {"adminResolution":{"declared":true,"installed":true,"version":"11.2.0","resolution":"E:\\frontend\\reactJS\\mimi-web\\functions\\node_modules\\firebase-admin\\lib\\index.js"}}
[debug] [2022-10-31T19:26:04.378Z] DEBUG: [runtime-status] [1612] initializeApp(DEFAULT) {"credential":{"implicit":false,"projectId":"mimi-plan-test","privateKey":"-----BEGIN PRIVATE KEY-----\nMIIEvwIBADANBgkqhkiG9w0BAQEFAASCBKkwggSlAgEAAoIBAQC4FtcaGkBBL0MI\nT8OPxdDeZj0Tov0cr0n7PxE7A52YjbVhjfF+hmetHzD7WXf4ukWMZa78GgGjBgWY\nZ5H6ISHnDltL97Rlj2xLOktxbzSTTzNI61NImDzZ/7X3DkZjf3mFoSmPtYijyHau\nKBuWwN8fCKz4xiKc8HzIgby+pSeAIQsmHFM1TeNnby7IS7oHCB+Rgb4Io0lsNnRV\nDmNL62dbLSvTCJHMJhDvGncAe3gOJiuHlVWGjGGXjtliqBH3nZgJ7aeFVUVxga+B\nvYqT8sppREARSZaTgdXVdZgN4YRp9QCBXFB6CkwW9mtx0dDWd/PU+OfA0vP8GVvf\nRRDfasTdAgMBAAECggEALHSjlHOjcbpqmy68ANPaGWMiO8RAELXKDWkRDanVXJpY\nI4tmNtJZZibiqshT3xaIphuGMu5K1+Yj4sacK4XlzIkchg93GpGUquQUhPvAfBSD\nw4fE0IKnK1QDyvpBCFUn8RvW0BQcP8Uw1+TqqLDCERoEv30FrdWrpLYj8PwsOlYW\nNsj53DlRF8flemShwCq4+WYgGPHJvLxFKfRHt2c42Afigpb9efJvg9fdfNgbDK/p\n3bCX/JjjDSA4GFj+4bS0Yyn/vSC7PIa/QSobtNChOfQtExg8bJtGJiXoJHy/YKp5\nkKZ9BCACAG/pEeKcBIIlB0fFxGdM5Ak1t6aajGdQcQKBgQD/+ZHcV0RZ466F5t2R\nqGPRoj6J7amNy73BnYiDKJo6jaJcaCbF5FxeoJkSTn4P+dI0uGcVn0jxrc3EF6oB\nvZaEgVhNOOQ2O+SFIZ45ZjrwrFMEaMr+O0wm2lf8cmPzoAd/YB+nRi+l2yQ1J1Bq\nyxyGVH/gi1ReJ7dnbmDeQeqE5QKBgQC4G3b0VjGAX7z70sgdZ/FvPvLzB9Vy1D2g\njm4kug6BDGNXcekEi2tvWidW6yTmiLHFwXbuUdQ6lzcBoXLQUHxc1aDxqGpbXfzt\nbZD5xJjNGo0KybSnKe29Qcj7RTqV3oeOIgEh/ZPAIaJ0PwKLamzpqlqmZXYnM1rZ\niROWor54mQKBgQC+43WD1MxTIHigwJbRLbsqtQxgPYzpAlxDC+Cmttu0+LRwpvbr\nMq4znx4nycM21L2OtUmilUOHf25oYqFUZPbfX7ni9J8zVpzHL1fYREWF/2x1aFSh\nHMVgYAmnaALjxp5wvdU9IBkeXXr17JiK22ctQcyPPjgvcvzRtD2m4Y8rhQKBgQCU\numMzabodmbniuVm+H600EGdVm3t8gyax4L3r334+FBLgnn3+lN6amvryxY0Oy1jJ\nh8ubJPHMz0G5iIJm9M4ydMXK0yHwY5IjAANBMue5sXxFPcM5065h2JYTHs8AKT/a\nu2+s1NwaN1G0lP5qP/RyI5ONnqN/cYYv/AOeCiTS6QKBgQCZbCF1szMiH3Fk05o0\nj0JUlHFe4OcwejMsD/CFov79fhQ0rGbAJ8ulZGLiqLhmnQH8eoZKxPz57mi91jWG\nA4Ojw23wK1v/mnJSREW7Yskh8tpubESuXc3STc/uFVBMF2yomyjHmL0XPC6E+r6m\n+Y1nNL0X16QnUissNFRwrn10Cw==\n-----END PRIVATE KEY-----\n","clientEmail":"firebase-adminsdk-ze8iq@mimi-plan-test.iam.gserviceaccount.com","httpClient":{"retry":{"maxRetries":4,"statusCodes":[503],"ioErrorCodes":["ECONNRESET","ETIMEDOUT"],"backOffFactor":0.5,"maxDelayInMillis":60000}}}}
[debug] [2022-10-31T19:26:04.386Z] DEBUG: [runtime-status] [1612] Functions runtime initialized. {"cwd":"E:\\frontend\\reactJS\\mimi-web\\functions","node_version":"16.15.1"}
[debug] [2022-10-31T19:26:04.387Z] DEBUG: [runtime-status] [1612] Listening to port: \\?\pipe\fire_emu_fa17746f4a2f0118
[debug] [2022-10-31T19:26:04.421Z] DEBUG: [worker-pool] submitRequest(triggerId=us-central1-disableRoutePlan)
[debug] [2022-10-31T19:26:04.422Z] DEBUG: [worker-us-central1-disableRoutePlan-c1c26dbc-e1ce-4d6a-91ae-3572d4306764]: BUSY
[debug] [2022-10-31T19:26:04.438Z] [functions] Beginning execution of "disableRoutePlan"
[info] >  {"verifications":{"app":"MISSING","auth":"MISSING"},"logging.googleapis.com/labels":{"firebase-log-type":"callable-request-verification"},"severity":"DEBUG","message":"Callable request verification passed"} {"user":{"verifications":{"app":"MISSING","auth":"MISSING"},"logging.googleapis.com/labels":{"firebase-log-type":"callable-request-verification"},"severity":"DEBUG","message":"Callable request verification passed"},"metadata":{"emulator":{"name":"functions"},"function":{"name":"us-central1-disableRoutePlan"},"extension":{},"message":"\u001b[90m> \u001b[39m {\"verifications\":{\"app\":\"MISSING\",\"auth\":\"MISSING\"},\"logging.googleapis.com/labels\":{\"firebase-log-type\":\"callable-request-verification\"},\"severity\":\"DEBUG\",\"message\":\"Callable request verification passed\"}"}}
[debug] [2022-10-31T19:26:04.443Z] DEBUG: [runtime-status] [1612] No callable functions auth found
[debug] [2022-10-31T19:26:04.448Z] DEBUG: [worker-us-central1-disableRoutePlan-c1c26dbc-e1ce-4d6a-91ae-3572d4306764]: IDLE
[debug] [2022-10-31T19:26:04.449Z] [work-queue] {"queueLength":0,"workRunningCount":0}
[debug] [2022-10-31T19:26:04.450Z] [functions] Finished "disableRoutePlan" in 6.9246ms
[debug] [2022-10-31T19:26:16.227Z] DEBUG: File E:\frontend\reactJS\mimi-web\functions\index.js changed, reloading triggers
[debug] [2022-10-31T19:26:17.241Z] Validating nodejs source
[debug] [2022-10-31T19:26:24.472Z] > [functions] package.json contents: {
  "name": "functions",
  "description": "Cloud Functions for Firebase",
  "scripts": {
    "lint": "eslint .",
    "serve": "firebase emulators:start --only functions",
    "shell": "firebase functions:shell",
    "start": "npm run shell",
    "deploy": "firebase deploy --only functions",
    "logs": "firebase functions:log"
  },
  "engines": {
    "node": "16"
  },
  "main": "index.js",
  "dependencies": {
    "firebase-admin": "^11.2.0",
    "firebase-functions": "^4.0.1"
  },
  "devDependencies": {
    "eslint": "^8.9.0",
    "eslint-config-google": "^0.14.0",
    "firebase-functions-test": "^0.2.0"
  },
  "private": true
}
[debug] [2022-10-31T19:26:24.472Z] Building nodejs source
[debug] [2022-10-31T19:26:24.473Z] Analyzing nodejs backend spec
[debug] [2022-10-31T19:26:24.474Z] Could not find functions.yaml. Must use http discovery
[debug] [2022-10-31T19:26:24.561Z] DEBUG: File E:\frontend\reactJS\mimi-web\functions\index.js changed, reloading triggers
[debug] [2022-10-31T19:26:25.563Z] Validating nodejs source
[debug] [2022-10-31T19:26:34.525Z] > [functions] package.json contents: {
  "name": "functions",
  "description": "Cloud Functions for Firebase",
  "scripts": {
    "lint": "eslint .",
    "serve": "firebase emulators:start --only functions",
    "shell": "firebase functions:shell",
    "start": "npm run shell",
    "deploy": "firebase deploy --only functions",
    "logs": "firebase functions:log"
  },
  "engines": {
    "node": "16"
  },
  "main": "index.js",
  "dependencies": {
    "firebase-admin": "^11.2.0",
    "firebase-functions": "^4.0.1"
  },
  "devDependencies": {
    "eslint": "^8.9.0",
    "eslint-config-google": "^0.14.0",
    "firebase-functions-test": "^0.2.0"
  },
  "private": true
}
[debug] [2022-10-31T19:26:34.526Z] Building nodejs source
[debug] [2022-10-31T19:26:34.526Z] Analyzing nodejs backend spec
[debug] [2022-10-31T19:26:34.531Z] Could not find functions.yaml. Must use http discovery
[debug] [2022-10-31T19:26:34.550Z] Serving at port 9005
shutdown requested via /__/quitquitquit

[debug] [2022-10-31T19:26:35.080Z] Serving at port 9005

[debug] [2022-10-31T19:26:35.679Z] Got response from /__/functions.yaml {"endpoints":{"helloWorld":{"platform":"gcfv1","availableMemoryMb":null,"timeoutSeconds":null,"minInstances":null,"maxInstances":null,"ingressSettings":null,"serviceAccountEmail":null,"vpc":null,"httpsTrigger":{},"entryPoint":"helloWorld"},"addData":{"platform":"gcfv1","availableMemoryMb":null,"timeoutSeconds":null,"minInstances":null,"maxInstances":null,"ingressSettings":null,"serviceAccountEmail":null,"vpc":null,"httpsTrigger":{},"entryPoint":"addData"},"deleteUser":{"platform":"gcfv1","labels":{},"availableMemoryMb":null,"timeoutSeconds":null,"minInstances":null,"maxInstances":null,"ingressSettings":null,"serviceAccountEmail":null,"vpc":null,"callableTrigger":{},"entryPoint":"deleteUser"},"disableRoutePlan":{"platform":"gcfv1","labels":{},"availableMemoryMb":null,"timeoutSeconds":null,"minInstances":null,"maxInstances":null,"ingressSettings":null,"serviceAccountEmail":null,"vpc":null,"callableTrigger":{},"entryPoint":"disableRoutePlan"}},"specVersion":"v1alpha1","requiredAPIs":[]}
[debug] [2022-10-31T19:26:35.683Z] Got response from /__/functions.yaml {"endpoints":{"helloWorld":{"platform":"gcfv1","availableMemoryMb":null,"timeoutSeconds":null,"minInstances":null,"maxInstances":null,"ingressSettings":null,"serviceAccountEmail":null,"vpc":null,"httpsTrigger":{},"entryPoint":"helloWorld"},"addData":{"platform":"gcfv1","availableMemoryMb":null,"timeoutSeconds":null,"minInstances":null,"maxInstances":null,"ingressSettings":null,"serviceAccountEmail":null,"vpc":null,"httpsTrigger":{},"entryPoint":"addData"},"deleteUser":{"platform":"gcfv1","labels":{},"availableMemoryMb":null,"timeoutSeconds":null,"minInstances":null,"maxInstances":null,"ingressSettings":null,"serviceAccountEmail":null,"vpc":null,"callableTrigger":{},"entryPoint":"deleteUser"},"disableRoutePlan":{"platform":"gcfv1","labels":{},"availableMemoryMb":null,"timeoutSeconds":null,"minInstances":null,"maxInstances":null,"ingressSettings":null,"serviceAccountEmail":null,"vpc":null,"callableTrigger":{},"entryPoint":"disableRoutePlan"}},"specVersion":"v1alpha1","requiredAPIs":[]}
[debug] [2022-10-31T19:26:35.692Z] shutdown requested via /__/quitquitquit

[debug] [2022-10-31T19:26:35.692Z] shutdown requested via /__/quitquitquit

[debug] [2022-10-31T19:26:35.712Z] [functions] Loaded functions definitions from source: helloWorld, addData, deleteUser, disableRoutePlan.
[debug] [2022-10-31T19:26:35.712Z] DEBUG: [worker-pool] Shutting down IDLE worker (us-central1-disableRoutePlan)
[debug] [2022-10-31T19:26:35.712Z] DEBUG: [worker-us-central1-disableRoutePlan-c1c26dbc-e1ce-4d6a-91ae-3572d4306764]: FINISHING
[debug] [2022-10-31T19:26:35.733Z] DEBUG: [worker-us-central1-disableRoutePlan-c1c26dbc-e1ce-4d6a-91ae-3572d4306764]: exited
[debug] [2022-10-31T19:26:35.733Z] DEBUG: [worker-us-central1-disableRoutePlan-c1c26dbc-e1ce-4d6a-91ae-3572d4306764]: FINISHED
[debug] [2022-10-31T19:26:45.623Z] DEBUG: File E:\frontend\reactJS\mimi-web\functions\index.js changed, reloading triggers
[debug] [2022-10-31T19:26:46.630Z] Validating nodejs source
[debug] [2022-10-31T19:26:53.485Z] > [functions] package.json contents: {
  "name": "functions",
  "description": "Cloud Functions for Firebase",
  "scripts": {
    "lint": "eslint .",
    "serve": "firebase emulators:start --only functions",
    "shell": "firebase functions:shell",
    "start": "npm run shell",
    "deploy": "firebase deploy --only functions",
    "logs": "firebase functions:log"
  },
  "engines": {
    "node": "16"
  },
  "main": "index.js",
  "dependencies": {
    "firebase-admin": "^11.2.0",
    "firebase-functions": "^4.0.1"
  },
  "devDependencies": {
    "eslint": "^8.9.0",
    "eslint-config-google": "^0.14.0",
    "firebase-functions-test": "^0.2.0"
  },
  "private": true
}
[debug] [2022-10-31T19:26:53.485Z] Building nodejs source
[debug] [2022-10-31T19:26:53.486Z] Analyzing nodejs backend spec
[debug] [2022-10-31T19:26:53.487Z] Could not find functions.yaml. Must use http discovery
[error] !!  functions: Failed to load function definition from source: FetchError: request to http://localhost:9005/__/quitquitquit failed, reason: connect ECONNREFUSED 127.0.0.1:9005 {"metadata":{"emulator":{"name":"functions"},"message":"Failed to load function definition from source: FetchError: request to http://localhost:9005/__/quitquitquit failed, reason: connect ECONNREFUSED 127.0.0.1:9005"}}
[debug] [2022-10-31T19:26:55.060Z] Serving at port 9005

[debug] [2022-10-31T19:26:56.203Z] shutdown requested via /__/quitquitquit

[debug] [2022-10-31T19:26:58.073Z] DEBUG: File E:\frontend\reactJS\mimi-web\functions\index.js changed, reloading triggers
[debug] [2022-10-31T19:26:58.536Z] DEBUG: File E:\frontend\reactJS\mimi-web\functions\index.js changed, reloading triggers
[debug] [2022-10-31T19:26:59.547Z] Validating nodejs source
[debug] [2022-10-31T19:27:06.158Z] > [functions] package.json contents: {
  "name": "functions",
  "description": "Cloud Functions for Firebase",
  "scripts": {
    "lint": "eslint .",
    "serve": "firebase emulators:start --only functions",
    "shell": "firebase functions:shell",
    "start": "npm run shell",
    "deploy": "firebase deploy --only functions",
    "logs": "firebase functions:log"
  },
  "engines": {
    "node": "16"
  },
  "main": "index.js",
  "dependencies": {
    "firebase-admin": "^11.2.0",
    "firebase-functions": "^4.0.1"
  },
  "devDependencies": {
    "eslint": "^8.9.0",
    "eslint-config-google": "^0.14.0",
    "firebase-functions-test": "^0.2.0"
  },
  "private": true
}
[debug] [2022-10-31T19:27:06.159Z] Building nodejs source
[debug] [2022-10-31T19:27:06.159Z] Analyzing nodejs backend spec
[debug] [2022-10-31T19:27:06.161Z] Could not find functions.yaml. Must use http discovery
[error] !!  functions: Failed to load function definition from source: FetchError: request to http://localhost:9005/__/quitquitquit failed, reason: connect ECONNREFUSED 127.0.0.1:9005 {"metadata":{"emulator":{"name":"functions"},"message":"Failed to load function definition from source: FetchError: request to http://localhost:9005/__/quitquitquit failed, reason: connect ECONNREFUSED 127.0.0.1:9005"}}
[debug] [2022-10-31T19:27:06.679Z] Serving at port 9005

[debug] [2022-10-31T19:27:07.226Z] shutdown requested via /__/quitquitquit

